#
# There is insufficient memory for the Java Runtime Environment to continue.
# Native memory allocation (mmap) failed to map 177209344 bytes for committing reserved memory.
# Possible reasons:
#   The system is out of physical RAM or swap space
#   The process is running with CompressedOops enabled, and the Java Heap may be blocking the growth of the native heap
# Possible solutions:
#   Reduce memory load on the system
#   Increase physical memory or swap space
#   Check if swap backing store is full
#   Decrease Java heap size (-Xmx/-Xms)
#   Decrease number of Java threads
#   Decrease Java thread stack sizes (-Xss)
#   Set larger code cache with -XX:ReservedCodeCacheSize=
#   JVM is running with Unscaled Compressed Oops mode in which the Java heap is
#     placed in the first 4GB address space. The Java Heap base address is the
#     maximum limit for the native heap growth. Please use -XX:HeapBaseMinAddress
#     to set the Java Heap base and to place the Java Heap above 4GB virtual address.
# This output file may be truncated or incomplete.
#
#  Out of Memory Error (os_linux.cpp:2720), pid=7903, tid=7916
#
# JRE version: Java(TM) SE Runtime Environment (11.0.2+9) (build 11.0.2+9-LTS)
# Java VM: Java HotSpot(TM) 64-Bit Server VM (11.0.2+9-LTS, mixed mode, tiered, compressed oops, g1 gc, linux-amd64)
# Core dump will be written. Default location: Core dumps may be processed with "/usr/share/apport/apport %p %s %c %d %P" (or dumping to /home/vineetubuntu/stack-ibm/MySpringProjects/core.7903)
#

---------------  S U M M A R Y ------------

Command Line: --add-modules=ALL-SYSTEM --add-opens=java.base/java.util=ALL-UNNAMED --add-opens=java.base/java.lang=ALL-UNNAMED -Declipse.application=org.eclipse.jdt.ls.core.id1 -Dosgi.bundles.defaultStartLevel=4 -Declipse.product=org.eclipse.jdt.ls.core.product -Dfile.encoding=utf8 -Xverify:none -Xmx1G -XX:+UseG1GC -XX:+UseStringDeduplication /home/vineetubuntu/.vscode/extensions/redhat.java-0.46.0/server/plugins/org.eclipse.equinox.launcher_1.5.400.v20190515-0925.jar -configuration /home/vineetubuntu/.vscode/extensions/redhat.java-0.46.0/server/config_linux -data /home/vineetubuntu/.config/Code/User/workspaceStorage/bd35c38796831ba23a715e5f139f6947/redhat.java/jdt_ws

Host: Intel(R) Core(TM) i5-5300U CPU @ 2.30GHz, 4 cores, 7G, Ubuntu 18.04.2 LTS
Time: Thu Jul 11 16:05:13 2019 IST elapsed time: 30 seconds (0d 0h 0m 30s)

---------------  T H R E A D  ---------------

Current thread (0x00007f5d54198800):  VMThread "VM Thread" [stack: 0x00007f5d3c63a000,0x00007f5d3c73a000] [id=7916]

Stack: [0x00007f5d3c63a000,0x00007f5d3c73a000],  sp=0x00007f5d3c737f10,  free space=1015k
Native frames: (J=compiled Java code, A=aot compiled Java code, j=interpreted, Vv=VM code, C=native code)
V  [libjvm.so+0xe293b7]  VMError::report_and_die(int, char const*, char const*, __va_list_tag*, Thread*, unsigned char*, void*, void*, char const*, int, unsigned long)+0x317
V  [libjvm.so+0xe2a01b]  VMError::report_and_die(Thread*, char const*, int, unsigned long, VMErrorType, char const*, __va_list_tag*)+0x2b
V  [libjvm.so+0x69a4c5]  report_vm_out_of_memory(char const*, int, unsigned long, VMErrorType, char const*, ...)+0xd5
V  [libjvm.so+0xc03898]  os::pd_commit_memory_or_exit(char*, unsigned long, unsigned long, bool, char const*)+0x108
V  [libjvm.so+0xbfadfd]  os::commit_memory_or_exit(char*, unsigned long, unsigned long, bool, char const*)+0x1d
V  [libjvm.so+0x7b321c]  G1PageBasedVirtualSpace::commit_preferred_pages(unsigned long, unsigned long)+0x6c
V  [libjvm.so+0x7b34be]  G1PageBasedVirtualSpace::commit(unsigned long, unsigned long)+0x5e
V  [libjvm.so+0x7bf290]  G1RegionsLargerThanCommitSizeMapper::commit_regions(unsigned int, unsigned long, WorkGang*)+0x40
V  [libjvm.so+0x83acd9]  HeapRegionManager::commit_regions(unsigned int, unsigned long, WorkGang*)+0x89
V  [libjvm.so+0x83b92f]  HeapRegionManager::make_regions_available(unsigned int, unsigned int, WorkGang*)+0x3f
V  [libjvm.so+0x83bdb9]  HeapRegionManager::expand_at(unsigned int, unsigned int, WorkGang*) [clone .part.44]+0x119
V  [libjvm.so+0x777d3f]  G1CollectedHeap::expand(unsigned long, WorkGang*, double*)+0xdf
V  [libjvm.so+0x77ca7a]  G1CollectedHeap::do_collection_pause_at_safepoint(double)+0xa0a
V  [libjvm.so+0xe34fc1]  VM_G1CollectForAllocation::doit()+0x81
V  [libjvm.so+0xe33b57]  VM_Operation::evaluate()+0xe7
V  [libjvm.so+0xe3133f]  VMThread::evaluate_operation(VM_Operation*) [clone .constprop.54]+0xff
V  [libjvm.so+0xe31876]  VMThread::loop()+0x3e6
V  [libjvm.so+0xe31cbb]  VMThread::run()+0x7b
V  [libjvm.so+0xc09750]  thread_native_entry(Thread*)+0xf0

VM_Operation (0x00007f5d1d1e8c60): G1CollectForAllocation, mode: safepoint, requested by thread 0x00007f5cd82f8800


---------------  P R O C E S S  ---------------

Threads class SMR info:
_java_thread_list=0x00007f5d0c581160, length=25, elements={
0x00007f5d54012000, 0x00007f5d541a0800, 0x00007f5d541a5000, 0x00007f5d541c1000,
0x00007f5d541c3800, 0x00007f5d541c5800, 0x00007f5d541c7800, 0x00007f5d54241000,
0x00007f5d542b0800, 0x00007f5d5438e800, 0x00007f5d544ed000, 0x00007f5d54510000,
0x00007f5d54531800, 0x00007f5cd80a1800, 0x00007f5cd8193800, 0x00007f5cdc001800,
0x00007f5cd82f8800, 0x00007f5cdc008000, 0x00007f5d54200000, 0x00007f5cc8001800,
0x00007f5d545c1000, 0x0000000001ca6000, 0x00007f5cc4004800, 0x00007f5cdc1fa000,
0x00007f5d0cbfc800
}

Java Threads: ( => current thread )
  0x00007f5d54012000 JavaThread "main" [_thread_blocked, id=7909, stack(0x00007f5d5c99f000,0x00007f5d5caa0000)]
  0x00007f5d541a0800 JavaThread "Reference Handler" daemon [_thread_blocked, id=7925, stack(0x00007f5d3c537000,0x00007f5d3c638000)]
  0x00007f5d541a5000 JavaThread "Finalizer" daemon [_thread_blocked, id=7926, stack(0x00007f5d3c436000,0x00007f5d3c537000)]
  0x00007f5d541c1000 JavaThread "Signal Dispatcher" daemon [_thread_blocked, id=7927, stack(0x00007f5d3c335000,0x00007f5d3c436000)]
  0x00007f5d541c3800 JavaThread "C2 CompilerThread0" daemon [_thread_blocked, id=7928, stack(0x00007f5d3c234000,0x00007f5d3c335000)]
  0x00007f5d541c5800 JavaThread "C1 CompilerThread0" daemon [_thread_blocked, id=7929, stack(0x00007f5d3c133000,0x00007f5d3c234000)]
  0x00007f5d541c7800 JavaThread "Sweeper thread" daemon [_thread_blocked, id=7930, stack(0x00007f5d3c032000,0x00007f5d3c133000)]
  0x00007f5d54241000 JavaThread "Common-Cleaner" daemon [_thread_blocked, id=7933, stack(0x00007f5d1ed30000,0x00007f5d1ee31000)]
  0x00007f5d542b0800 JavaThread "Service Thread" daemon [_thread_blocked, id=7935, stack(0x00007f5d1eb2e000,0x00007f5d1ec2f000)]
  0x00007f5d5438e800 JavaThread "process reaper" daemon [_thread_blocked, id=7964, stack(0x00007f5d5c8f3000,0x00007f5d5c915000)]
  0x00007f5d544ed000 JavaThread "Active Thread: Equinox Container: 598bff1c-c359-49cc-a815-d07ca0c31091" [_thread_blocked, id=7967, stack(0x00007f5d1e000000,0x00007f5d1e101000)]
  0x00007f5d54510000 JavaThread "Framework Event Dispatcher: Equinox Container: 598bff1c-c359-49cc-a815-d07ca0c31091" daemon [_thread_blocked, id=7968, stack(0x00007f5d1deff000,0x00007f5d1e000000)]
  0x00007f5d54531800 JavaThread "Start Level: Equinox Container: 598bff1c-c359-49cc-a815-d07ca0c31091" daemon [_thread_blocked, id=7969, stack(0x00007f5d1ddfe000,0x00007f5d1deff000)]
  0x00007f5cd80a1800 JavaThread "Worker-JM" [_thread_blocked, id=7970, stack(0x00007f5d1ec2f000,0x00007f5d1ed30000)]
  0x00007f5cd8193800 JavaThread "Worker-0" [_thread_blocked, id=7971, stack(0x00007f5d1d6ec000,0x00007f5d1d7ed000)]
  0x00007f5cdc001800 JavaThread "Worker-1" [_thread_blocked, id=7972, stack(0x00007f5d1d5eb000,0x00007f5d1d6ec000)]
  0x00007f5cd82f8800 JavaThread "Java indexing" daemon [_thread_blocked, id=7973, stack(0x00007f5d1d0ea000,0x00007f5d1d1eb000)]
  0x00007f5cdc008000 JavaThread "Worker-2: Java indexing... " [_thread_blocked, id=7974, stack(0x00007f5d1cfe9000,0x00007f5d1d0ea000)]
  0x00007f5d54200000 JavaThread "pool-2-thread-1" [_thread_blocked, id=7984, stack(0x00007f5cbfeff000,0x00007f5cc0000000)]
  0x00007f5cc8001800 JavaThread "Worker-3" [_thread_blocked, id=7985, stack(0x00007f5cbfdfe000,0x00007f5cbfeff000)]
  0x00007f5d545c1000 JavaThread "pool-1-thread-1" [_thread_in_native, id=7986, stack(0x00007f5cbfafd000,0x00007f5cbfbfe000)]
  0x0000000001ca6000 JavaThread "Worker-4" [_thread_blocked, id=7987, stack(0x00007f5cbf9fc000,0x00007f5cbfafd000)]
  0x00007f5cc4004800 JavaThread "Worker-5" [_thread_blocked, id=7988, stack(0x00007f5cbf8fb000,0x00007f5cbf9fc000)]
  0x00007f5cdc1fa000 JavaThread "Bundle File Closer" daemon [_thread_blocked, id=7991, stack(0x00007f5cbe28b000,0x00007f5cbe38c000)]
  0x00007f5d0cbfc800 JavaThread "C2 CompilerThread1" daemon [_thread_blocked, id=8004, stack(0x00007f5d1cee8000,0x00007f5d1cfe9000)]

Other Threads:
=>0x00007f5d54198800 VMThread "VM Thread" [stack: 0x00007f5d3c63a000,0x00007f5d3c73a000] [id=7916]
  0x00007f5d542b6000 WatcherThread [stack: 0x00007f5d1ea2e000,0x00007f5d1eb2e000] [id=7936]
  0x00007f5d5403a000 GCTaskThread "GC Thread#0" [stack: 0x00007f5d58ea4000,0x00007f5d58fa4000] [id=7910]
  0x00007f5d18001000 GCTaskThread "GC Thread#1" [stack: 0x00007f5d1e303000,0x00007f5d1e403000] [id=7966]
  0x00007f5d18007800 GCTaskThread "GC Thread#2" [stack: 0x00007f5d1cde8000,0x00007f5d1cee8000] [id=7976]
  0x00007f5d18009000 GCTaskThread "GC Thread#3" [stack: 0x00007f5d1cce6000,0x00007f5d1cde6000] [id=7977]
  0x00007f5d54055800 ConcurrentGCThread "G1 Main Marker" [stack: 0x00007f5d5839e000,0x00007f5d5849e000] [id=7911]
  0x00007f5d54057800 ConcurrentGCThread "G1 Conc#0" [stack: 0x00007f5d5829c000,0x00007f5d5839c000] [id=7912]
  0x00007f5d540cc000 ConcurrentGCThread "G1 Refine#0" [stack: 0x00007f5d3c940000,0x00007f5d3ca40000] [id=7913]
  0x00007f5d2c030000 ConcurrentGCThread "G1 Refine#1" [stack: 0x00007f5cbd98b000,0x00007f5cbda8b000] [id=8001]
  0x00007f5d540ce000 ConcurrentGCThread "G1 Young RemSet Sampling" [stack: 0x00007f5d3c83e000,0x00007f5d3c93e000] [id=7914]
  0x00007f5d540d5000 ConcurrentGCThread "StrDedup" [stack: 0x00007f5d3c73c000,0x00007f5d3c83c000] [id=7915]

Threads with active compile tasks:
C2 CompilerThread06815 %     4       org.eclipse.jdt.internal.compiler.util.HashtableOfObject::rehash @ 23 (77 bytes)
C2 CompilerThread16812       4       org.eclipse.jdt.internal.compiler.util.HashtableOfObject::putUnsafely (78 bytes)

VM state:at safepoint (normal execution)

VM Mutex/Monitor currently owned by a thread:  ([mutex/lock_event])
[0x00007f5d5400e480] Threads_lock - owner thread: 0x00007f5d54198800
[0x00007f5d5400ebd0] Heap_lock - owner thread: 0x00007f5cd82f8800

Heap address: 0x00000000c0000000, size: 1024 MB, Compressed Oops mode: 32-bit
Narrow klass base: 0x0000000000000000, Narrow klass shift: 3
Compressed class space size: 1073741824 Address: 0x0000000100000000

Heap:
 garbage-first heap   total 472064K, used 170973K [0x00000000c0000000, 0x0000000100000000)
  region size 1024K, 9 young (9216K), 9 survivors (9216K)
 Metaspace       used 56372K, capacity 59053K, committed 59440K, reserved 1101824K
  class space    used 5694K, capacity 6714K, committed 6784K, reserved 1048576K
Heap Regions: E=young(eden), S=young(survivor), O=old, HS=humongous(starts), HC=humongous(continues), CS=collection set, F=free, A=archive, TAMS=top-at-mark-start (previous, next)
|   0|0x00000000c0000000, 0x00000000c0100000, 0x00000000c0100000|100%| O|  |TAMS 0x00000000c0100000, 0x00000000c0000000| Untracked 
|   1|0x00000000c0100000, 0x00000000c0200000, 0x00000000c0200000|100%| O|  |TAMS 0x00000000c0200000, 0x00000000c0100000| Untracked 
|   2|0x00000000c0200000, 0x00000000c0300000, 0x00000000c0300000|100%| O|  |TAMS 0x00000000c0300000, 0x00000000c0200000| Untracked 
|   3|0x00000000c0300000, 0x00000000c0400000, 0x00000000c0400000|100%| O|  |TAMS 0x00000000c0400000, 0x00000000c0300000| Complete 
|   4|0x00000000c0400000, 0x00000000c0500000, 0x00000000c0500000|100%| O|  |TAMS 0x00000000c0500000, 0x00000000c0400000| Untracked 
|   5|0x00000000c0500000, 0x00000000c0600000, 0x00000000c0600000|100%| O|  |TAMS 0x00000000c0600000, 0x00000000c0500000| Untracked 
|   6|0x00000000c0600000, 0x00000000c0700000, 0x00000000c0700000|100%| O|  |TAMS 0x00000000c0700000, 0x00000000c0600000| Untracked 
|   7|0x00000000c0700000, 0x00000000c0800000, 0x00000000c0800000|100%| O|  |TAMS 0x00000000c0800000, 0x00000000c0700000| Untracked 
|   8|0x00000000c0800000, 0x00000000c0900000, 0x00000000c0900000|100%| O|  |TAMS 0x00000000c0900000, 0x00000000c0800000| Untracked 
|   9|0x00000000c0900000, 0x00000000c0a00000, 0x00000000c0a00000|100%| O|  |TAMS 0x00000000c0a00000, 0x00000000c0900000| Untracked 
|  10|0x00000000c0a00000, 0x00000000c0b00000, 0x00000000c0b00000|100%| O|  |TAMS 0x00000000c0b00000, 0x00000000c0a00000| Untracked 
|  11|0x00000000c0b00000, 0x00000000c0c00000, 0x00000000c0c00000|100%|HS|  |TAMS 0x00000000c0c00000, 0x00000000c0b00000| Complete 
|  12|0x00000000c0c00000, 0x00000000c0d00000, 0x00000000c0d00000|100%| O|  |TAMS 0x00000000c0d00000, 0x00000000c0c00000| Untracked 
|  13|0x00000000c0d00000, 0x00000000c0e00000, 0x00000000c0e00000|100%| O|  |TAMS 0x00000000c0e00000, 0x00000000c0d00000| Untracked 
|  14|0x00000000c0e00000, 0x00000000c0f00000, 0x00000000c0f00000|100%| O|  |TAMS 0x00000000c0f00000, 0x00000000c0e00000| Untracked 
|  15|0x00000000c0f00000, 0x00000000c1000000, 0x00000000c1000000|100%| O|  |TAMS 0x00000000c1000000, 0x00000000c0f00000| Untracked 
|  16|0x00000000c1000000, 0x00000000c1100000, 0x00000000c1100000|100%| O|  |TAMS 0x00000000c1100000, 0x00000000c1000000| Untracked 
|  17|0x00000000c1100000, 0x00000000c1200000, 0x00000000c1200000|100%| O|  |TAMS 0x00000000c1200000, 0x00000000c1100000| Untracked 
|  18|0x00000000c1200000, 0x00000000c1300000, 0x00000000c1300000|100%| O|  |TAMS 0x00000000c1300000, 0x00000000c1200000| Untracked 
|  19|0x00000000c1300000, 0x00000000c1400000, 0x00000000c1400000|100%| O|  |TAMS 0x00000000c1400000, 0x00000000c1300000| Untracked 
|  20|0x00000000c1400000, 0x00000000c1500000, 0x00000000c1500000|100%| O|  |TAMS 0x00000000c1500000, 0x00000000c1400000| Untracked 
|  21|0x00000000c1500000, 0x00000000c1600000, 0x00000000c1600000|100%| O|  |TAMS 0x00000000c1600000, 0x00000000c1500000| Untracked 
|  22|0x00000000c1600000, 0x00000000c1700000, 0x00000000c1700000|100%| O|  |TAMS 0x00000000c1700000, 0x00000000c1600000| Complete 
|  23|0x00000000c1700000, 0x00000000c1800000, 0x00000000c1800000|100%| O|  |TAMS 0x00000000c1800000, 0x00000000c1700000| Untracked 
|  24|0x00000000c1800000, 0x00000000c1900000, 0x00000000c1900000|100%| O|  |TAMS 0x00000000c1900000, 0x00000000c1800000| Complete 
|  25|0x00000000c1900000, 0x00000000c1a00000, 0x00000000c1a00000|100%| O|  |TAMS 0x00000000c1a00000, 0x00000000c1900000| Untracked 
|  26|0x00000000c1a00000, 0x00000000c1b00000, 0x00000000c1b00000|100%| O|  |TAMS 0x00000000c1b00000, 0x00000000c1a00000| Complete 
|  27|0x00000000c1b00000, 0x00000000c1c00000, 0x00000000c1c00000|100%| O|  |TAMS 0x00000000c1c00000, 0x00000000c1b00000| Complete 
|  28|0x00000000c1c00000, 0x00000000c1d00000, 0x00000000c1d00000|100%| O|  |TAMS 0x00000000c1d00000, 0x00000000c1c00000| Untracked 
|  29|0x00000000c1d00000, 0x00000000c1e00000, 0x00000000c1e00000|100%| O|  |TAMS 0x00000000c1e00000, 0x00000000c1d00000| Complete 
|  30|0x00000000c1e00000, 0x00000000c1f00000, 0x00000000c1f00000|100%| O|  |TAMS 0x00000000c1f00000, 0x00000000c1e00000| Complete 
|  31|0x00000000c1f00000, 0x00000000c2000000, 0x00000000c2000000|100%| O|  |TAMS 0x00000000c2000000, 0x00000000c1f00000| Complete 
|  32|0x00000000c2000000, 0x00000000c2100000, 0x00000000c2100000|100%| O|  |TAMS 0x00000000c2100000, 0x00000000c2000000| Untracked 
|  33|0x00000000c2100000, 0x00000000c2200000, 0x00000000c2200000|100%| O|  |TAMS 0x00000000c2200000, 0x00000000c2100000| Complete 
|  34|0x00000000c2200000, 0x00000000c2300000, 0x00000000c2300000|100%| O|  |TAMS 0x00000000c2300000, 0x00000000c2200000| Untracked 
|  35|0x00000000c2300000, 0x00000000c2400000, 0x00000000c2400000|100%| O|  |TAMS 0x00000000c2400000, 0x00000000c2300000| Complete 
|  36|0x00000000c2400000, 0x00000000c2500000, 0x00000000c2500000|100%| O|  |TAMS 0x00000000c2500000, 0x00000000c2400000| Complete 
|  37|0x00000000c2500000, 0x00000000c2600000, 0x00000000c2600000|100%| O|  |TAMS 0x00000000c2600000, 0x00000000c2500000| Untracked 
|  38|0x00000000c2600000, 0x00000000c2700000, 0x00000000c2700000|100%| O|  |TAMS 0x00000000c2700000, 0x00000000c2600000| Untracked 
|  39|0x00000000c2700000, 0x00000000c2800000, 0x00000000c2800000|100%| O|  |TAMS 0x00000000c2800000, 0x00000000c2700000| Complete 
|  40|0x00000000c2800000, 0x00000000c2900000, 0x00000000c2900000|100%| O|  |TAMS 0x00000000c2900000, 0x00000000c2800000| Complete 
|  41|0x00000000c2900000, 0x00000000c2a00000, 0x00000000c2a00000|100%| O|  |TAMS 0x00000000c2a00000, 0x00000000c2900000| Untracked 
|  42|0x00000000c2a00000, 0x00000000c2b00000, 0x00000000c2b00000|100%| O|  |TAMS 0x00000000c2b00000, 0x00000000c2a00000| Complete 
|  43|0x00000000c2b00000, 0x00000000c2c00000, 0x00000000c2c00000|100%| O|  |TAMS 0x00000000c2c00000, 0x00000000c2b00000| Untracked 
|  44|0x00000000c2c00000, 0x00000000c2d00000, 0x00000000c2d00000|100%| O|  |TAMS 0x00000000c2d00000, 0x00000000c2c00000| Complete 
|  45|0x00000000c2d00000, 0x00000000c2e00000, 0x00000000c2e00000|100%| O|  |TAMS 0x00000000c2e00000, 0x00000000c2d00000| Complete 
|  46|0x00000000c2e00000, 0x00000000c2f00000, 0x00000000c2f00000|100%| O|  |TAMS 0x00000000c2f00000, 0x00000000c2e00000| Untracked 
|  47|0x00000000c2f00000, 0x00000000c3000000, 0x00000000c3000000|100%| O|  |TAMS 0x00000000c3000000, 0x00000000c2f00000| Complete 
|  48|0x00000000c3000000, 0x00000000c3100000, 0x00000000c3100000|100%| O|  |TAMS 0x00000000c3100000, 0x00000000c3000000| Complete 
|  49|0x00000000c3100000, 0x00000000c3200000, 0x00000000c3200000|100%| O|  |TAMS 0x00000000c3200000, 0x00000000c3100000| Complete 
|  50|0x00000000c3200000, 0x00000000c3300000, 0x00000000c3300000|100%| O|  |TAMS 0x00000000c3300000, 0x00000000c3200000| Complete 
|  51|0x00000000c3300000, 0x00000000c3400000, 0x00000000c3400000|100%| O|  |TAMS 0x00000000c3400000, 0x00000000c3300000| Untracked 
|  52|0x00000000c3400000, 0x00000000c3500000, 0x00000000c3500000|100%| O|  |TAMS 0x00000000c3500000, 0x00000000c3400000| Untracked 
|  53|0x00000000c3500000, 0x00000000c3600000, 0x00000000c3600000|100%| O|  |TAMS 0x00000000c3600000, 0x00000000c3500000| Untracked 
|  54|0x00000000c3600000, 0x00000000c3700000, 0x00000000c3700000|100%| O|  |TAMS 0x00000000c3700000, 0x00000000c3600000| Untracked 
|  55|0x00000000c3700000, 0x00000000c3800000, 0x00000000c3800000|100%| O|  |TAMS 0x00000000c3800000, 0x00000000c3700000| Complete 
|  56|0x00000000c3800000, 0x00000000c3900000, 0x00000000c3900000|100%| O|  |TAMS 0x00000000c3900000, 0x00000000c3800000| Untracked 
|  57|0x00000000c3900000, 0x00000000c3a00000, 0x00000000c3a00000|100%| O|  |TAMS 0x00000000c3a00000, 0x00000000c3900000| Untracked 
|  58|0x00000000c3a00000, 0x00000000c3b00000, 0x00000000c3b00000|100%| O|  |TAMS 0x00000000c3b00000, 0x00000000c3a00000| Untracked 
|  59|0x00000000c3b00000, 0x00000000c3c00000, 0x00000000c3c00000|100%| O|  |TAMS 0x00000000c3c00000, 0x00000000c3b00000| Untracked 
|  60|0x00000000c3c00000, 0x00000000c3d00000, 0x00000000c3d00000|100%| O|  |TAMS 0x00000000c3d00000, 0x00000000c3c00000| Untracked 
|  61|0x00000000c3d00000, 0x00000000c3e00000, 0x00000000c3e00000|100%| O|  |TAMS 0x00000000c3e00000, 0x00000000c3d00000| Complete 
|  62|0x00000000c3e00000, 0x00000000c3f00000, 0x00000000c3f00000|100%| O|  |TAMS 0x00000000c3f00000, 0x00000000c3e00000| Complete 
|  63|0x00000000c3f00000, 0x00000000c4000000, 0x00000000c4000000|100%| O|  |TAMS 0x00000000c4000000, 0x00000000c3f00000| Complete 
|  64|0x00000000c4000000, 0x00000000c4100000, 0x00000000c4100000|100%| O|  |TAMS 0x00000000c4100000, 0x00000000c4000000| Complete 
|  65|0x00000000c4100000, 0x00000000c4200000, 0x00000000c4200000|100%| O|  |TAMS 0x00000000c4200000, 0x00000000c4100000| Untracked 
|  66|0x00000000c4200000, 0x00000000c4300000, 0x00000000c4300000|100%| O|  |TAMS 0x00000000c4300000, 0x00000000c4200000| Untracked 
|  67|0x00000000c4300000, 0x00000000c4400000, 0x00000000c4400000|100%| O|  |TAMS 0x00000000c4400000, 0x00000000c4300000| Untracked 
|  68|0x00000000c4400000, 0x00000000c4500000, 0x00000000c4500000|100%| O|  |TAMS 0x00000000c4500000, 0x00000000c4400000| Untracked 
|  69|0x00000000c4500000, 0x00000000c4600000, 0x00000000c4600000|100%| O|  |TAMS 0x00000000c4600000, 0x00000000c4500000| Untracked 
|  70|0x00000000c4600000, 0x00000000c4700000, 0x00000000c4700000|100%| O|  |TAMS 0x00000000c4700000, 0x00000000c4600000| Untracked 
|  71|0x00000000c4700000, 0x00000000c4800000, 0x00000000c4800000|100%| O|  |TAMS 0x00000000c4800000, 0x00000000c4700000| Untracked 
|  72|0x00000000c4800000, 0x00000000c4900000, 0x00000000c4900000|100%| O|  |TAMS 0x00000000c4900000, 0x00000000c4800000| Complete 
|  73|0x00000000c4900000, 0x00000000c4a00000, 0x00000000c4a00000|100%| O|  |TAMS 0x00000000c4a00000, 0x00000000c4900000| Untracked 
|  74|0x00000000c4a00000, 0x00000000c4b00000, 0x00000000c4b00000|100%| O|  |TAMS 0x00000000c4b00000, 0x00000000c4a00000| Untracked 
|  75|0x00000000c4b00000, 0x00000000c4c00000, 0x00000000c4c00000|100%| O|  |TAMS 0x00000000c4c00000, 0x00000000c4b00000| Untracked 
|  76|0x00000000c4c00000, 0x00000000c4d00000, 0x00000000c4d00000|100%| O|  |TAMS 0x00000000c4d00000, 0x00000000c4c00000| Complete 
|  77|0x00000000c4d00000, 0x00000000c4e00000, 0x00000000c4e00000|100%| O|  |TAMS 0x00000000c4e00000, 0x00000000c4d00000| Complete 
|  78|0x00000000c4e00000, 0x00000000c4f00000, 0x00000000c4f00000|100%| O|  |TAMS 0x00000000c4f00000, 0x00000000c4e00000| Complete 
|  79|0x00000000c4f00000, 0x00000000c5000000, 0x00000000c5000000|100%| O|  |TAMS 0x00000000c5000000, 0x00000000c4f00000| Untracked 
|  80|0x00000000c5000000, 0x00000000c5100000, 0x00000000c5100000|100%| O|  |TAMS 0x00000000c5100000, 0x00000000c5000000| Complete 
|  81|0x00000000c5100000, 0x00000000c5200000, 0x00000000c5200000|100%| O|  |TAMS 0x00000000c5200000, 0x00000000c5100000| Untracked 
|  82|0x00000000c5200000, 0x00000000c5300000, 0x00000000c5300000|100%| O|  |TAMS 0x00000000c5300000, 0x00000000c5200000| Untracked 
|  83|0x00000000c5300000, 0x00000000c5400000, 0x00000000c5400000|100%| O|  |TAMS 0x00000000c5400000, 0x00000000c5300000| Complete 
|  84|0x00000000c5400000, 0x00000000c5500000, 0x00000000c5500000|100%| O|  |TAMS 0x00000000c5500000, 0x00000000c5400000| Untracked 
|  85|0x00000000c5500000, 0x00000000c5600000, 0x00000000c5600000|100%| O|  |TAMS 0x00000000c5600000, 0x00000000c5500000| Untracked 
|  86|0x00000000c5600000, 0x00000000c5700000, 0x00000000c5700000|100%| O|  |TAMS 0x00000000c5700000, 0x00000000c5600000| Untracked 
|  87|0x00000000c5700000, 0x00000000c5800000, 0x00000000c5800000|100%| O|  |TAMS 0x00000000c5800000, 0x00000000c5700000| Untracked 
|  88|0x00000000c5800000, 0x00000000c5900000, 0x00000000c5900000|100%| O|  |TAMS 0x00000000c5900000, 0x00000000c5800000| Complete 
|  89|0x00000000c5900000, 0x00000000c5a00000, 0x00000000c5a00000|100%| O|  |TAMS 0x00000000c5a00000, 0x00000000c5900000| Untracked 
|  90|0x00000000c5a00000, 0x00000000c5b00000, 0x00000000c5b00000|100%| O|  |TAMS 0x00000000c5b00000, 0x00000000c5a00000| Complete 
|  91|0x00000000c5b00000, 0x00000000c5c00000, 0x00000000c5c00000|100%|HS|  |TAMS 0x00000000c5c00000, 0x00000000c5b00000| Complete 
|  92|0x00000000c5c00000, 0x00000000c5d00000, 0x00000000c5d00000|100%|HC|  |TAMS 0x00000000c5d00000, 0x00000000c5c00000| Complete 
|  93|0x00000000c5d00000, 0x00000000c5e00000, 0x00000000c5e00000|100%|HC|  |TAMS 0x00000000c5e00000, 0x00000000c5d00000| Complete 
|  94|0x00000000c5e00000, 0x00000000c5f00000, 0x00000000c5f00000|100%|HC|  |TAMS 0x00000000c5f00000, 0x00000000c5e00000| Complete 
|  95|0x00000000c5f00000, 0x00000000c6000000, 0x00000000c6000000|100%| O|  |TAMS 0x00000000c6000000, 0x00000000c5f00000| Untracked 
|  96|0x00000000c6000000, 0x00000000c6100000, 0x00000000c6100000|100%| O|  |TAMS 0x00000000c6100000, 0x00000000c6000000| Untracked 
|  97|0x00000000c6100000, 0x00000000c6200000, 0x00000000c6200000|100%| O|  |TAMS 0x00000000c6200000, 0x00000000c6100000| Untracked 
|  98|0x00000000c6200000, 0x00000000c6300000, 0x00000000c6300000|100%| O|  |TAMS 0x00000000c6300000, 0x00000000c6200000| Untracked 
|  99|0x00000000c6300000, 0x00000000c6400000, 0x00000000c6400000|100%| O|  |TAMS 0x00000000c6400000, 0x00000000c6300000| Untracked 
| 100|0x00000000c6400000, 0x00000000c6500000, 0x00000000c6500000|100%| O|  |TAMS 0x00000000c6500000, 0x00000000c6400000| Complete 
| 101|0x00000000c6500000, 0x00000000c6600000, 0x00000000c6600000|100%| O|  |TAMS 0x00000000c6600000, 0x00000000c6500000| Untracked 
| 102|0x00000000c6600000, 0x00000000c6700000, 0x00000000c6700000|100%| O|  |TAMS 0x00000000c6700000, 0x00000000c6600000| Complete 
| 103|0x00000000c6700000, 0x00000000c6800000, 0x00000000c6800000|100%| O|  |TAMS 0x00000000c6800000, 0x00000000c6700000| Complete 
| 104|0x00000000c6800000, 0x00000000c6900000, 0x00000000c6900000|100%| O|  |TAMS 0x00000000c6900000, 0x00000000c6800000| Complete 
| 105|0x00000000c6900000, 0x00000000c6a00000, 0x00000000c6a00000|100%| O|  |TAMS 0x00000000c6a00000, 0x00000000c6900000| Complete 
| 106|0x00000000c6a00000, 0x00000000c6b00000, 0x00000000c6b00000|100%| O|  |TAMS 0x00000000c6b00000, 0x00000000c6a00000| Untracked 
| 107|0x00000000c6b00000, 0x00000000c6c00000, 0x00000000c6c00000|100%| O|  |TAMS 0x00000000c6c00000, 0x00000000c6b00000| Untracked 
| 108|0x00000000c6c00000, 0x00000000c6d00000, 0x00000000c6d00000|100%| O|  |TAMS 0x00000000c6d00000, 0x00000000c6c00000| Untracked 
| 109|0x00000000c6d00000, 0x00000000c6e00000, 0x00000000c6e00000|100%| O|  |TAMS 0x00000000c6e00000, 0x00000000c6d00000| Complete 
| 110|0x00000000c6e00000, 0x00000000c6f00000, 0x00000000c6f00000|100%| O|  |TAMS 0x00000000c6f00000, 0x00000000c6e00000| Untracked 
| 111|0x00000000c6f00000, 0x00000000c7000000, 0x00000000c7000000|100%| O|  |TAMS 0x00000000c7000000, 0x00000000c6f00000| Untracked 
| 112|0x00000000c7000000, 0x00000000c7100000, 0x00000000c7100000|100%| O|  |TAMS 0x00000000c7100000, 0x00000000c7000000| Untracked 
| 113|0x00000000c7100000, 0x00000000c7200000, 0x00000000c7200000|100%| O|  |TAMS 0x00000000c7200000, 0x00000000c7100000| Complete 
| 114|0x00000000c7200000, 0x00000000c7300000, 0x00000000c7300000|100%| O|  |TAMS 0x00000000c7300000, 0x00000000c7200000| Untracked 
| 115|0x00000000c7300000, 0x00000000c7400000, 0x00000000c7400000|100%| O|  |TAMS 0x00000000c7400000, 0x00000000c7300000| Untracked 
| 116|0x00000000c7400000, 0x00000000c7500000, 0x00000000c7500000|100%| O|  |TAMS 0x00000000c7500000, 0x00000000c7400000| Untracked 
| 117|0x00000000c7500000, 0x00000000c7600000, 0x00000000c7600000|100%| O|  |TAMS 0x00000000c7600000, 0x00000000c7500000| Untracked 
| 118|0x00000000c7600000, 0x00000000c7700000, 0x00000000c7700000|100%| O|  |TAMS 0x00000000c7700000, 0x00000000c7600000| Untracked 
| 119|0x00000000c7700000, 0x00000000c7800000, 0x00000000c7800000|100%| O|  |TAMS 0x00000000c7800000, 0x00000000c7700000| Untracked 
| 120|0x00000000c7800000, 0x00000000c7900000, 0x00000000c7900000|100%| O|  |TAMS 0x00000000c7900000, 0x00000000c7800000| Untracked 
| 121|0x00000000c7900000, 0x00000000c7a00000, 0x00000000c7a00000|100%| O|  |TAMS 0x00000000c7a00000, 0x00000000c7900000| Untracked 
| 122|0x00000000c7a00000, 0x00000000c7b00000, 0x00000000c7b00000|100%| O|  |TAMS 0x00000000c7b00000, 0x00000000c7a00000| Complete 
| 123|0x00000000c7b00000, 0x00000000c7c00000, 0x00000000c7c00000|100%| O|  |TAMS 0x00000000c7c00000, 0x00000000c7b00000| Untracked 
| 124|0x00000000c7c00000, 0x00000000c7d00000, 0x00000000c7d00000|100%| O|  |TAMS 0x00000000c7d00000, 0x00000000c7c00000| Untracked 
| 125|0x00000000c7d00000, 0x00000000c7e00000, 0x00000000c7e00000|100%| O|  |TAMS 0x00000000c7e00000, 0x00000000c7d00000| Untracked 
| 126|0x00000000c7e00000, 0x00000000c7f00000, 0x00000000c7f00000|100%| O|  |TAMS 0x00000000c7f00000, 0x00000000c7e00000| Untracked 
| 127|0x00000000c7f00000, 0x00000000c8000000, 0x00000000c8000000|100%| O|  |TAMS 0x00000000c8000000, 0x00000000c7f00000| Complete 
| 128|0x00000000c8000000, 0x00000000c8100000, 0x00000000c8100000|100%| O|  |TAMS 0x00000000c8100000, 0x00000000c8000000| Untracked 
| 129|0x00000000c8100000, 0x00000000c8200000, 0x00000000c8200000|100%| O|  |TAMS 0x00000000c8200000, 0x00000000c8100000| Untracked 
| 130|0x00000000c8200000, 0x00000000c8300000, 0x00000000c8300000|100%| O|  |TAMS 0x00000000c8300000, 0x00000000c8200000| Untracked 
| 131|0x00000000c8300000, 0x00000000c8400000, 0x00000000c8400000|100%| O|  |TAMS 0x00000000c8400000, 0x00000000c8300000| Untracked 
| 132|0x00000000c8400000, 0x00000000c8500000, 0x00000000c8500000|100%| O|  |TAMS 0x00000000c8500000, 0x00000000c8400000| Untracked 
| 133|0x00000000c8500000, 0x00000000c8600000, 0x00000000c8600000|100%| O|  |TAMS 0x00000000c8600000, 0x00000000c8500000| Untracked 
| 134|0x00000000c8600000, 0x00000000c8700000, 0x00000000c8700000|100%| O|  |TAMS 0x00000000c8700000, 0x00000000c8600000| Untracked 
| 135|0x00000000c8700000, 0x00000000c8800000, 0x00000000c8800000|100%| O|  |TAMS 0x00000000c8800000, 0x00000000c8700000| Untracked 
| 136|0x00000000c8800000, 0x00000000c8900000, 0x00000000c8900000|100%| O|  |TAMS 0x00000000c8900000, 0x00000000c8800000| Untracked 
| 137|0x00000000c8900000, 0x00000000c8a00000, 0x00000000c8a00000|100%| O|  |TAMS 0x00000000c8a00000, 0x00000000c8900000| Complete 
| 138|0x00000000c8a00000, 0x00000000c8b00000, 0x00000000c8b00000|100%| O|  |TAMS 0x00000000c8b00000, 0x00000000c8a00000| Complete 
| 139|0x00000000c8b00000, 0x00000000c8c00000, 0x00000000c8c00000|100%| O|  |TAMS 0x00000000c8c00000, 0x00000000c8b00000| Untracked 
| 140|0x00000000c8c00000, 0x00000000c8d00000, 0x00000000c8d00000|100%| O|  |TAMS 0x00000000c8d00000, 0x00000000c8c00000| Untracked 
| 141|0x00000000c8d00000, 0x00000000c8e00000, 0x00000000c8e00000|100%| O|  |TAMS 0x00000000c8e00000, 0x00000000c8d00000| Untracked 
| 142|0x00000000c8e00000, 0x00000000c8f00000, 0x00000000c8f00000|100%| O|  |TAMS 0x00000000c8f00000, 0x00000000c8e00000| Untracked 
| 143|0x00000000c8f00000, 0x00000000c9000000, 0x00000000c9000000|100%| O|  |TAMS 0x00000000c9000000, 0x00000000c8f00000| Untracked 
| 144|0x00000000c9000000, 0x00000000c9100000, 0x00000000c9100000|100%| O|  |TAMS 0x00000000c9100000, 0x00000000c9000000| Untracked 
| 145|0x00000000c9100000, 0x00000000c9200000, 0x00000000c9200000|100%| O|  |TAMS 0x00000000c9200000, 0x00000000c9100000| Complete 
| 146|0x00000000c9200000, 0x00000000c9300000, 0x00000000c9300000|100%| O|  |TAMS 0x00000000c9300000, 0x00000000c9200000| Untracked 
| 147|0x00000000c9300000, 0x00000000c9400000, 0x00000000c9400000|100%| O|  |TAMS 0x00000000c9400000, 0x00000000c9300000| Complete 
| 148|0x00000000c9400000, 0x00000000c9500000, 0x00000000c9500000|100%| O|  |TAMS 0x00000000c94f3400, 0x00000000c9400000| Untracked 
| 149|0x00000000c9500000, 0x00000000c9600000, 0x00000000c9600000|100%| O|  |TAMS 0x00000000c9500000, 0x00000000c9500000| Untracked 
| 150|0x00000000c9600000, 0x00000000c9700000, 0x00000000c9700000|100%| O|  |TAMS 0x00000000c9600000, 0x00000000c9600000| Untracked 
| 151|0x00000000c9700000, 0x00000000c9800000, 0x00000000c9800000|100%| O|  |TAMS 0x00000000c9700000, 0x00000000c9700000| Untracked 
| 152|0x00000000c9800000, 0x00000000c9900000, 0x00000000c9900000|100%| O|  |TAMS 0x00000000c9800000, 0x00000000c9800000| Untracked 
| 153|0x00000000c9900000, 0x00000000c9a00000, 0x00000000c9a00000|100%| O|  |TAMS 0x00000000c9900000, 0x00000000c9900000| Untracked 
| 154|0x00000000c9a00000, 0x00000000c9b00000, 0x00000000c9b00000|100%| O|  |TAMS 0x00000000c9a00000, 0x00000000c9a00000| Untracked 
| 155|0x00000000c9b00000, 0x00000000c9c00000, 0x00000000c9c00000|100%| O|  |TAMS 0x00000000c9b00000, 0x00000000c9b00000| Untracked 
| 156|0x00000000c9c00000, 0x00000000c9d00000, 0x00000000c9d00000|100%| O|  |TAMS 0x00000000c9c00000, 0x00000000c9c00000| Untracked 
| 157|0x00000000c9d00000, 0x00000000c9e00000, 0x00000000c9e00000|100%| O|  |TAMS 0x00000000c9d00000, 0x00000000c9d00000| Untracked 
| 158|0x00000000c9e00000, 0x00000000c9e00000, 0x00000000c9f00000|  0%| F|  |TAMS 0x00000000c9e00000, 0x00000000c9e00000| Untracked 
| 159|0x00000000c9f00000, 0x00000000c9f00000, 0x00000000ca000000|  0%| F|  |TAMS 0x00000000c9f00000, 0x00000000c9f00000| Untracked 
| 160|0x00000000ca000000, 0x00000000ca000000, 0x00000000ca100000|  0%| F|  |TAMS 0x00000000ca000000, 0x00000000ca000000| Untracked 
| 161|0x00000000ca100000, 0x00000000ca100000, 0x00000000ca200000|  0%| F|  |TAMS 0x00000000ca100000, 0x00000000ca100000| Untracked 
| 162|0x00000000ca200000, 0x00000000ca200000, 0x00000000ca300000|  0%| F|  |TAMS 0x00000000ca200000, 0x00000000ca200000| Untracked 
| 163|0x00000000ca300000, 0x00000000ca300000, 0x00000000ca400000|  0%| F|  |TAMS 0x00000000ca300000, 0x00000000ca300000| Untracked 
| 164|0x00000000ca400000, 0x00000000ca400000, 0x00000000ca500000|  0%| F|  |TAMS 0x00000000ca400000, 0x00000000ca400000| Untracked 
| 165|0x00000000ca500000, 0x00000000ca500000, 0x00000000ca600000|  0%| F|  |TAMS 0x00000000ca500000, 0x00000000ca500000| Untracked 
| 166|0x00000000ca600000, 0x00000000ca600000, 0x00000000ca700000|  0%| F|  |TAMS 0x00000000ca600000, 0x00000000ca600000| Untracked 
| 167|0x00000000ca700000, 0x00000000ca700000, 0x00000000ca800000|  0%| F|  |TAMS 0x00000000ca700000, 0x00000000ca700000| Untracked 
| 168|0x00000000ca800000, 0x00000000ca800000, 0x00000000ca900000|  0%| F|  |TAMS 0x00000000ca800000, 0x00000000ca800000| Untracked 
| 169|0x00000000ca900000, 0x00000000ca900000, 0x00000000caa00000|  0%| F|  |TAMS 0x00000000ca900000, 0x00000000ca900000| Untracked 
| 170|0x00000000caa00000, 0x00000000caa00000, 0x00000000cab00000|  0%| F|  |TAMS 0x00000000caa00000, 0x00000000caa00000| Untracked 
| 171|0x00000000cab00000, 0x00000000cab00000, 0x00000000cac00000|  0%| F|  |TAMS 0x00000000cab00000, 0x00000000cab00000| Untracked 
| 172|0x00000000cac00000, 0x00000000cac00000, 0x00000000cad00000|  0%| F|  |TAMS 0x00000000cac00000, 0x00000000cac00000| Untracked 
| 173|0x00000000cad00000, 0x00000000cad00000, 0x00000000cae00000|  0%| F|  |TAMS 0x00000000cad00000, 0x00000000cad00000| Untracked 
| 174|0x00000000cae00000, 0x00000000cae00000, 0x00000000caf00000|  0%| F|  |TAMS 0x00000000cae00000, 0x00000000cae00000| Untracked 
| 175|0x00000000caf00000, 0x00000000caf00000, 0x00000000cb000000|  0%| F|  |TAMS 0x00000000caf00000, 0x00000000caf00000| Untracked 
| 176|0x00000000cb000000, 0x00000000cb000000, 0x00000000cb100000|  0%| F|  |TAMS 0x00000000cb000000, 0x00000000cb000000| Untracked 
| 177|0x00000000cb100000, 0x00000000cb100000, 0x00000000cb200000|  0%| F|  |TAMS 0x00000000cb100000, 0x00000000cb100000| Untracked 
| 178|0x00000000cb200000, 0x00000000cb200000, 0x00000000cb300000|  0%| F|  |TAMS 0x00000000cb200000, 0x00000000cb200000| Untracked 
| 179|0x00000000cb300000, 0x00000000cb300000, 0x00000000cb400000|  0%| F|  |TAMS 0x00000000cb300000, 0x00000000cb300000| Untracked 
| 180|0x00000000cb400000, 0x00000000cb400000, 0x00000000cb500000|  0%| F|  |TAMS 0x00000000cb400000, 0x00000000cb400000| Untracked 
| 181|0x00000000cb500000, 0x00000000cb500000, 0x00000000cb600000|  0%| F|  |TAMS 0x00000000cb500000, 0x00000000cb500000| Untracked 
| 182|0x00000000cb600000, 0x00000000cb600000, 0x00000000cb700000|  0%| F|  |TAMS 0x00000000cb600000, 0x00000000cb600000| Untracked 
| 183|0x00000000cb700000, 0x00000000cb700000, 0x00000000cb800000|  0%| F|  |TAMS 0x00000000cb700000, 0x00000000cb700000| Untracked 
| 184|0x00000000cb800000, 0x00000000cb800000, 0x00000000cb900000|  0%| F|  |TAMS 0x00000000cb800000, 0x00000000cb800000| Untracked 
| 185|0x00000000cb900000, 0x00000000cb900000, 0x00000000cba00000|  0%| F|  |TAMS 0x00000000cb900000, 0x00000000cb900000| Untracked 
| 186|0x00000000cba00000, 0x00000000cba00000, 0x00000000cbb00000|  0%| F|  |TAMS 0x00000000cba00000, 0x00000000cba00000| Untracked 
| 187|0x00000000cbb00000, 0x00000000cbb00000, 0x00000000cbc00000|  0%| F|  |TAMS 0x00000000cbb00000, 0x00000000cbb00000| Untracked 
| 188|0x00000000cbc00000, 0x00000000cbc00000, 0x00000000cbd00000|  0%| F|  |TAMS 0x00000000cbc00000, 0x00000000cbc00000| Untracked 
| 189|0x00000000cbd00000, 0x00000000cbd00000, 0x00000000cbe00000|  0%| F|  |TAMS 0x00000000cbd00000, 0x00000000cbd00000| Untracked 
| 190|0x00000000cbe00000, 0x00000000cbe00000, 0x00000000cbf00000|  0%| F|  |TAMS 0x00000000cbe00000, 0x00000000cbe00000| Untracked 
| 191|0x00000000cbf00000, 0x00000000cbf00000, 0x00000000cc000000|  0%| F|  |TAMS 0x00000000cbf00000, 0x00000000cbf00000| Untracked 
| 192|0x00000000cc000000, 0x00000000cc000000, 0x00000000cc100000|  0%| F|  |TAMS 0x00000000cc000000, 0x00000000cc000000| Untracked 
| 193|0x00000000cc100000, 0x00000000cc100000, 0x00000000cc200000|  0%| F|  |TAMS 0x00000000cc100000, 0x00000000cc100000| Untracked 
| 194|0x00000000cc200000, 0x00000000cc200000, 0x00000000cc300000|  0%| F|  |TAMS 0x00000000cc200000, 0x00000000cc200000| Untracked 
| 195|0x00000000cc300000, 0x00000000cc300000, 0x00000000cc400000|  0%| F|  |TAMS 0x00000000cc300000, 0x00000000cc300000| Untracked 
| 196|0x00000000cc400000, 0x00000000cc400000, 0x00000000cc500000|  0%| F|  |TAMS 0x00000000cc400000, 0x00000000cc400000| Untracked 
| 197|0x00000000cc500000, 0x00000000cc500000, 0x00000000cc600000|  0%| F|  |TAMS 0x00000000cc500000, 0x00000000cc500000| Untracked 
| 198|0x00000000cc600000, 0x00000000cc600000, 0x00000000cc700000|  0%| F|  |TAMS 0x00000000cc600000, 0x00000000cc600000| Untracked 
| 199|0x00000000cc700000, 0x00000000cc700000, 0x00000000cc800000|  0%| F|  |TAMS 0x00000000cc700000, 0x00000000cc700000| Untracked 
| 200|0x00000000cc800000, 0x00000000cc800000, 0x00000000cc900000|  0%| F|  |TAMS 0x00000000cc800000, 0x00000000cc800000| Untracked 
| 201|0x00000000cc900000, 0x00000000cc900000, 0x00000000cca00000|  0%| F|  |TAMS 0x00000000cc900000, 0x00000000cc900000| Untracked 
| 202|0x00000000cca00000, 0x00000000cca00000, 0x00000000ccb00000|  0%| F|  |TAMS 0x00000000cca00000, 0x00000000cca00000| Untracked 
| 203|0x00000000ccb00000, 0x00000000ccb00000, 0x00000000ccc00000|  0%| F|  |TAMS 0x00000000ccb00000, 0x00000000ccb00000| Untracked 
| 204|0x00000000ccc00000, 0x00000000ccc00000, 0x00000000ccd00000|  0%| F|  |TAMS 0x00000000ccc00000, 0x00000000ccc00000| Untracked 
| 205|0x00000000ccd00000, 0x00000000ccd00000, 0x00000000cce00000|  0%| F|  |TAMS 0x00000000ccd00000, 0x00000000ccd00000| Untracked 
| 206|0x00000000cce00000, 0x00000000cce00000, 0x00000000ccf00000|  0%| F|  |TAMS 0x00000000cce00000, 0x00000000cce00000| Untracked 
| 207|0x00000000ccf00000, 0x00000000ccff7460, 0x00000000cd000000| 96%| S|CS|TAMS 0x00000000ccf00000, 0x00000000ccf00000| Complete 
| 208|0x00000000cd000000, 0x00000000cd100000, 0x00000000cd100000|100%| S|CS|TAMS 0x00000000cd000000, 0x00000000cd000000| Complete 
| 209|0x00000000cd100000, 0x00000000cd200000, 0x00000000cd200000|100%| S|CS|TAMS 0x00000000cd100000, 0x00000000cd100000| Complete 
| 210|0x00000000cd200000, 0x00000000cd300000, 0x00000000cd300000|100%| S|CS|TAMS 0x00000000cd200000, 0x00000000cd200000| Complete 
| 211|0x00000000cd300000, 0x00000000cd400000, 0x00000000cd400000|100%| S|CS|TAMS 0x00000000cd300000, 0x00000000cd300000| Complete 
| 212|0x00000000cd400000, 0x00000000cd500000, 0x00000000cd500000|100%| S|CS|TAMS 0x00000000cd400000, 0x00000000cd400000| Complete 
| 213|0x00000000cd500000, 0x00000000cd600000, 0x00000000cd600000|100%| S|CS|TAMS 0x00000000cd500000, 0x00000000cd500000| Complete 
| 214|0x00000000cd600000, 0x00000000cd700000, 0x00000000cd700000|100%| S|CS|TAMS 0x00000000cd600000, 0x00000000cd600000| Complete 
| 215|0x00000000cd700000, 0x00000000cd800000, 0x00000000cd800000|100%| S|CS|TAMS 0x00000000cd700000, 0x00000000cd700000| Complete 
| 216|0x00000000cd800000, 0x00000000cd800000, 0x00000000cd900000|  0%| F|  |TAMS 0x00000000cd800000, 0x00000000cd800000| Untracked 
| 217|0x00000000cd900000, 0x00000000cd900000, 0x00000000cda00000|  0%| F|  |TAMS 0x00000000cd900000, 0x00000000cd900000| Untracked 
| 218|0x00000000cda00000, 0x00000000cda00000, 0x00000000cdb00000|  0%| F|  |TAMS 0x00000000cda00000, 0x00000000cda00000| Untracked 
| 219|0x00000000cdb00000, 0x00000000cdb00000, 0x00000000cdc00000|  0%| F|  |TAMS 0x00000000cdb00000, 0x00000000cdb00000| Untracked 
| 220|0x00000000cdc00000, 0x00000000cdc00000, 0x00000000cdd00000|  0%| F|  |TAMS 0x00000000cdc00000, 0x00000000cdc00000| Untracked 
| 221|0x00000000cdd00000, 0x00000000cdd00000, 0x00000000cde00000|  0%| F|  |TAMS 0x00000000cdd00000, 0x00000000cdd00000| Untracked 
| 222|0x00000000cde00000, 0x00000000cde00000, 0x00000000cdf00000|  0%| F|  |TAMS 0x00000000cde00000, 0x00000000cde00000| Untracked 
| 223|0x00000000cdf00000, 0x00000000cdf00000, 0x00000000ce000000|  0%| F|  |TAMS 0x00000000cdf00000, 0x00000000cdf00000| Untracked 
| 224|0x00000000ce000000, 0x00000000ce000000, 0x00000000ce100000|  0%| F|  |TAMS 0x00000000ce000000, 0x00000000ce000000| Untracked 
| 225|0x00000000ce100000, 0x00000000ce100000, 0x00000000ce200000|  0%| F|  |TAMS 0x00000000ce100000, 0x00000000ce100000| Untracked 
| 226|0x00000000ce200000, 0x00000000ce200000, 0x00000000ce300000|  0%| F|  |TAMS 0x00000000ce200000, 0x00000000ce200000| Untracked 
| 227|0x00000000ce300000, 0x00000000ce300000, 0x00000000ce400000|  0%| F|  |TAMS 0x00000000ce300000, 0x00000000ce300000| Untracked 
| 228|0x00000000ce400000, 0x00000000ce400000, 0x00000000ce500000|  0%| F|  |TAMS 0x00000000ce400000, 0x00000000ce400000| Untracked 
| 229|0x00000000ce500000, 0x00000000ce500000, 0x00000000ce600000|  0%| F|  |TAMS 0x00000000ce500000, 0x00000000ce500000| Untracked 
| 230|0x00000000ce600000, 0x00000000ce600000, 0x00000000ce700000|  0%| F|  |TAMS 0x00000000ce600000, 0x00000000ce600000| Untracked 
| 231|0x00000000ce700000, 0x00000000ce700000, 0x00000000ce800000|  0%| F|  |TAMS 0x00000000ce700000, 0x00000000ce700000| Untracked 
| 232|0x00000000ce800000, 0x00000000ce800000, 0x00000000ce900000|  0%| F|  |TAMS 0x00000000ce800000, 0x00000000ce800000| Untracked 
| 233|0x00000000ce900000, 0x00000000ce900000, 0x00000000cea00000|  0%| F|  |TAMS 0x00000000ce900000, 0x00000000ce900000| Untracked 
| 234|0x00000000cea00000, 0x00000000cea00000, 0x00000000ceb00000|  0%| F|  |TAMS 0x00000000cea00000, 0x00000000cea00000| Untracked 
| 235|0x00000000ceb00000, 0x00000000ceb00000, 0x00000000cec00000|  0%| F|  |TAMS 0x00000000ceb00000, 0x00000000ceb00000| Untracked 
| 236|0x00000000cec00000, 0x00000000cec00000, 0x00000000ced00000|  0%| F|  |TAMS 0x00000000cec00000, 0x00000000cec00000| Untracked 
| 237|0x00000000ced00000, 0x00000000ced00000, 0x00000000cee00000|  0%| F|  |TAMS 0x00000000ced00000, 0x00000000ced00000| Untracked 
| 238|0x00000000cee00000, 0x00000000cee00000, 0x00000000cef00000|  0%| F|  |TAMS 0x00000000cee00000, 0x00000000cee00000| Untracked 
| 239|0x00000000cef00000, 0x00000000cef00000, 0x00000000cf000000|  0%| F|  |TAMS 0x00000000cef00000, 0x00000000cef00000| Untracked 
| 240|0x00000000cf000000, 0x00000000cf000000, 0x00000000cf100000|  0%| F|  |TAMS 0x00000000cf000000, 0x00000000cf000000| Untracked 
| 241|0x00000000cf100000, 0x00000000cf100000, 0x00000000cf200000|  0%| F|  |TAMS 0x00000000cf100000, 0x00000000cf100000| Untracked 
| 242|0x00000000cf200000, 0x00000000cf200000, 0x00000000cf300000|  0%| F|  |TAMS 0x00000000cf200000, 0x00000000cf200000| Untracked 
| 243|0x00000000cf300000, 0x00000000cf300000, 0x00000000cf400000|  0%| F|  |TAMS 0x00000000cf300000, 0x00000000cf300000| Untracked 
| 244|0x00000000cf400000, 0x00000000cf400000, 0x00000000cf500000|  0%| F|  |TAMS 0x00000000cf400000, 0x00000000cf400000| Untracked 
| 245|0x00000000cf500000, 0x00000000cf500000, 0x00000000cf600000|  0%| F|  |TAMS 0x00000000cf500000, 0x00000000cf500000| Untracked 
| 246|0x00000000cf600000, 0x00000000cf600000, 0x00000000cf700000|  0%| F|  |TAMS 0x00000000cf600000, 0x00000000cf600000| Untracked 
| 247|0x00000000cf700000, 0x00000000cf700000, 0x00000000cf800000|  0%| F|  |TAMS 0x00000000cf700000, 0x00000000cf700000| Untracked 
| 248|0x00000000cf800000, 0x00000000cf800000, 0x00000000cf900000|  0%| F|  |TAMS 0x00000000cf800000, 0x00000000cf800000| Untracked 
| 249|0x00000000cf900000, 0x00000000cf900000, 0x00000000cfa00000|  0%| F|  |TAMS 0x00000000cf900000, 0x00000000cf900000| Untracked 
| 250|0x00000000cfa00000, 0x00000000cfa00000, 0x00000000cfb00000|  0%| F|  |TAMS 0x00000000cfa00000, 0x00000000cfa00000| Untracked 
| 251|0x00000000cfb00000, 0x00000000cfb00000, 0x00000000cfc00000|  0%| F|  |TAMS 0x00000000cfb00000, 0x00000000cfb00000| Untracked 
| 252|0x00000000cfc00000, 0x00000000cfc00000, 0x00000000cfd00000|  0%| F|  |TAMS 0x00000000cfc00000, 0x00000000cfc00000| Untracked 
| 253|0x00000000cfd00000, 0x00000000cfd00000, 0x00000000cfe00000|  0%| F|  |TAMS 0x00000000cfd00000, 0x00000000cfd00000| Untracked 
| 254|0x00000000cfe00000, 0x00000000cfe00000, 0x00000000cff00000|  0%| F|  |TAMS 0x00000000cfe00000, 0x00000000cfe00000| Untracked 
| 255|0x00000000cff00000, 0x00000000cff00000, 0x00000000d0000000|  0%| F|  |TAMS 0x00000000cff00000, 0x00000000cff00000| Untracked 
| 256|0x00000000d0000000, 0x00000000d0000000, 0x00000000d0100000|  0%| F|  |TAMS 0x00000000d0000000, 0x00000000d0000000| Untracked 
| 257|0x00000000d0100000, 0x00000000d0100000, 0x00000000d0200000|  0%| F|  |TAMS 0x00000000d0100000, 0x00000000d0100000| Untracked 
| 258|0x00000000d0200000, 0x00000000d0200000, 0x00000000d0300000|  0%| F|  |TAMS 0x00000000d0200000, 0x00000000d0200000| Untracked 
| 259|0x00000000d0300000, 0x00000000d0300000, 0x00000000d0400000|  0%| F|  |TAMS 0x00000000d0300000, 0x00000000d0300000| Untracked 
| 260|0x00000000d0400000, 0x00000000d0400000, 0x00000000d0500000|  0%| F|  |TAMS 0x00000000d0400000, 0x00000000d0400000| Untracked 
| 261|0x00000000d0500000, 0x00000000d0500000, 0x00000000d0600000|  0%| F|  |TAMS 0x00000000d0500000, 0x00000000d0500000| Untracked 
| 262|0x00000000d0600000, 0x00000000d0600000, 0x00000000d0700000|  0%| F|  |TAMS 0x00000000d0600000, 0x00000000d0600000| Untracked 
| 263|0x00000000d0700000, 0x00000000d0700000, 0x00000000d0800000|  0%| F|  |TAMS 0x00000000d0700000, 0x00000000d0700000| Untracked 
| 264|0x00000000d0800000, 0x00000000d0800000, 0x00000000d0900000|  0%| F|  |TAMS 0x00000000d0800000, 0x00000000d0800000| Untracked 
| 265|0x00000000d0900000, 0x00000000d0900000, 0x00000000d0a00000|  0%| F|  |TAMS 0x00000000d0900000, 0x00000000d0900000| Untracked 
| 266|0x00000000d0a00000, 0x00000000d0a00000, 0x00000000d0b00000|  0%| F|  |TAMS 0x00000000d0a00000, 0x00000000d0a00000| Untracked 
| 267|0x00000000d0b00000, 0x00000000d0b00000, 0x00000000d0c00000|  0%| F|  |TAMS 0x00000000d0b00000, 0x00000000d0b00000| Untracked 
| 268|0x00000000d0c00000, 0x00000000d0c00000, 0x00000000d0d00000|  0%| F|  |TAMS 0x00000000d0c00000, 0x00000000d0c00000| Untracked 
| 269|0x00000000d0d00000, 0x00000000d0d00000, 0x00000000d0e00000|  0%| F|  |TAMS 0x00000000d0d00000, 0x00000000d0d00000| Untracked 
| 270|0x00000000d0e00000, 0x00000000d0e00000, 0x00000000d0f00000|  0%| F|  |TAMS 0x00000000d0e00000, 0x00000000d0e00000| Untracked 
| 271|0x00000000d0f00000, 0x00000000d0f00000, 0x00000000d1000000|  0%| F|  |TAMS 0x00000000d0f00000, 0x00000000d0f00000| Untracked 
| 272|0x00000000d1000000, 0x00000000d1000000, 0x00000000d1100000|  0%| F|  |TAMS 0x00000000d1000000, 0x00000000d1000000| Untracked 
| 273|0x00000000d1100000, 0x00000000d1100000, 0x00000000d1200000|  0%| F|  |TAMS 0x00000000d1100000, 0x00000000d1100000| Untracked 
| 274|0x00000000d1200000, 0x00000000d1200000, 0x00000000d1300000|  0%| F|  |TAMS 0x00000000d1200000, 0x00000000d1200000| Untracked 
| 275|0x00000000d1300000, 0x00000000d1300000, 0x00000000d1400000|  0%| F|  |TAMS 0x00000000d1300000, 0x00000000d1300000| Untracked 
| 276|0x00000000d1400000, 0x00000000d1400000, 0x00000000d1500000|  0%| F|  |TAMS 0x00000000d1400000, 0x00000000d1400000| Untracked 
| 277|0x00000000d1500000, 0x00000000d1500000, 0x00000000d1600000|  0%| F|  |TAMS 0x00000000d1500000, 0x00000000d1500000| Untracked 
| 278|0x00000000d1600000, 0x00000000d1600000, 0x00000000d1700000|  0%| F|  |TAMS 0x00000000d1600000, 0x00000000d1600000| Untracked 
| 279|0x00000000d1700000, 0x00000000d1700000, 0x00000000d1800000|  0%| F|  |TAMS 0x00000000d1700000, 0x00000000d1700000| Untracked 
| 280|0x00000000d1800000, 0x00000000d1800000, 0x00000000d1900000|  0%| F|  |TAMS 0x00000000d1800000, 0x00000000d1800000| Untracked 
| 281|0x00000000d1900000, 0x00000000d1900000, 0x00000000d1a00000|  0%| F|  |TAMS 0x00000000d1900000, 0x00000000d1900000| Untracked 
| 282|0x00000000d1a00000, 0x00000000d1a00000, 0x00000000d1b00000|  0%| F|  |TAMS 0x00000000d1a00000, 0x00000000d1a00000| Untracked 
| 283|0x00000000d1b00000, 0x00000000d1b00000, 0x00000000d1c00000|  0%| F|  |TAMS 0x00000000d1b00000, 0x00000000d1b00000| Untracked 
| 284|0x00000000d1c00000, 0x00000000d1c00000, 0x00000000d1d00000|  0%| F|  |TAMS 0x00000000d1c00000, 0x00000000d1c00000| Untracked 
| 285|0x00000000d1d00000, 0x00000000d1d00000, 0x00000000d1e00000|  0%| F|  |TAMS 0x00000000d1d00000, 0x00000000d1d00000| Untracked 
| 286|0x00000000d1e00000, 0x00000000d1e00000, 0x00000000d1f00000|  0%| F|  |TAMS 0x00000000d1e00000, 0x00000000d1e00000| Untracked 
| 287|0x00000000d1f00000, 0x00000000d1f00000, 0x00000000d2000000|  0%| F|  |TAMS 0x00000000d1f00000, 0x00000000d1f00000| Untracked 
| 288|0x00000000d2000000, 0x00000000d2000000, 0x00000000d2100000|  0%| F|  |TAMS 0x00000000d2000000, 0x00000000d2000000| Untracked 
| 289|0x00000000d2100000, 0x00000000d2100000, 0x00000000d2200000|  0%| F|  |TAMS 0x00000000d2100000, 0x00000000d2100000| Untracked 
| 290|0x00000000d2200000, 0x00000000d2200000, 0x00000000d2300000|  0%| F|  |TAMS 0x00000000d2200000, 0x00000000d2200000| Untracked 
| 291|0x00000000d2300000, 0x00000000d2300000, 0x00000000d2400000|  0%| F|  |TAMS 0x00000000d2300000, 0x00000000d2300000| Untracked 

Card table byte_map: [0x00007f5d5869e000,0x00007f5d5889e000] _byte_map_base: 0x00007f5d5809e000

Marking Bits (Prev, Next): (CMBitMap*) 0x00007f5d54050db0, (CMBitMap*) 0x00007f5d54050d78
 Prev Bits: [0x00007f5d36000000, 0x00007f5d37000000)
 Next Bits: [0x00007f5d37000000, 0x00007f5d38000000)

Polling page: 0x00007f5d5cab6000

Metaspace:

Usage:
  Non-class:     51.11 MB capacity,    49.49 MB ( 97%) used,     1.52 MB (  3%) free+waste,   104.31 KB ( <1%) overhead. 
      Class:      6.56 MB capacity,     5.56 MB ( 85%) used,   971.33 KB ( 14%) free+waste,    48.06 KB ( <1%) overhead. 
       Both:     57.67 MB capacity,    55.05 MB ( 95%) used,     2.47 MB (  4%) free+waste,   152.38 KB ( <1%) overhead. 

Virtual space:
  Non-class space:       52.00 MB reserved,      51.42 MB ( 99%) committed 
      Class space:        1.00 GB reserved,       6.62 MB ( <1%) committed 
             Both:        1.05 GB reserved,      58.05 MB (  5%) committed 

Chunk freelists:
   Non-Class:  10.12 KB
       Class:  768 bytes
        Both:  10.88 KB

CodeHeap 'non-profiled nmethods': size=120032Kb used=3758Kb max_used=3758Kb free=116273Kb
 bounds [0x00007f5d4470a000, 0x00007f5d44aba000, 0x00007f5d4bc42000]
CodeHeap 'profiled nmethods': size=120032Kb used=13425Kb max_used=13425Kb free=106606Kb
 bounds [0x00007f5d3d1d2000, 0x00007f5d3df02000, 0x00007f5d4470a000]
CodeHeap 'non-nmethods': size=5696Kb used=1230Kb max_used=1291Kb free=4465Kb
 bounds [0x00007f5d3cc42000, 0x00007f5d3ceb2000, 0x00007f5d3d1d2000]
 total_blobs=8739 nmethods=6220 adapters=543
 compilation: enabled
              stopped_count=0, restarted_count=0
 full_count=0

Compilation events (10 events):
Event: 30.016 Thread 0x00007f5d541c5800 nmethod 6808 0x00007f5d3def8090 code [0x00007f5d3def8280, 0x00007f5d3def86f8]
Event: 30.016 Thread 0x00007f5d541c5800 6809       3       org.eclipse.jdt.internal.core.index.DiskIndex$IntList::add (67 bytes)
Event: 30.019 Thread 0x00007f5d541c5800 nmethod 6809 0x00007f5d3def8910 code [0x00007f5d3def8ae0, 0x00007f5d3def8ea8]
Event: 30.019 Thread 0x00007f5d541c5800 6810       3       org.eclipse.jdt.internal.core.index.DiskIndex$IntList::<init> (16 bytes)
Event: 30.020 Thread 0x00007f5d541c5800 nmethod 6810 0x00007f5d3d5e3690 code [0x00007f5d3d5e3840, 0x00007f5d3d5e3a50]
Event: 30.030 Thread 0x00007f5d541c5800 6811       3       org.eclipse.jdt.internal.core.index.DiskIndex::copyQueryResults (218 bytes)
Event: 30.032 Thread 0x00007f5d541c5800 nmethod 6811 0x00007f5d3def9010 code [0x00007f5d3def92c0, 0x00007f5d3defa178]
Event: 30.335 Thread 0x00007f5d541c3800 nmethod 6803% 0x00007f5d44ab1510 code [0x00007f5d44ab17e0, 0x00007f5d44ab3fb0]
Event: 30.438 Thread 0x00007f5d541c3800 6815 %     4       org.eclipse.jdt.internal.compiler.util.HashtableOfObject::rehash @ 23 (77 bytes)
Event: 30.470 Thread 0x00007f5d0cbfc800 6812       4       org.eclipse.jdt.internal.compiler.util.HashtableOfObject::putUnsafely (78 bytes)

GC Heap History (10 events):
Event: 22.029 GC heap after
{Heap after GC invocations=21 (full 0):
 garbage-first heap   total 249856K, used 126526K [0x00000000c0000000, 0x0000000100000000)
  region size 1024K, 10 young (10240K), 10 survivors (10240K)
 Metaspace       used 56337K, capacity 58989K, committed 59184K, reserved 1101824K
  class space    used 5692K, capacity 6714K, committed 6784K, reserved 1048576K
}
Event: 22.406 GC heap before
{Heap before GC invocations=21 (full 0):
 garbage-first heap   total 249856K, used 203326K [0x00000000c0000000, 0x0000000100000000)
  region size 1024K, 85 young (87040K), 10 survivors (10240K)
 Metaspace       used 56338K, capacity 58989K, committed 59184K, reserved 1101824K
  class space    used 5692K, capacity 6714K, committed 6784K, reserved 1048576K
}
Event: 22.459 GC heap after
{Heap after GC invocations=22 (full 0):
 garbage-first heap   total 299008K, used 134195K [0x00000000c0000000, 0x0000000100000000)
  region size 1024K, 8 young (8192K), 8 survivors (8192K)
 Metaspace       used 56338K, capacity 58989K, committed 59184K, reserved 1101824K
  class space    used 5692K, capacity 6714K, committed 6784K, reserved 1048576K
}
Event: 23.980 GC heap before
{Heap before GC invocations=23 (full 0):
 garbage-first heap   total 299008K, used 228403K [0x00000000c0000000, 0x0000000100000000)
  region size 1024K, 103 young (105472K), 8 survivors (8192K)
 Metaspace       used 56345K, capacity 58989K, committed 59184K, reserved 1101824K
  class space    used 5693K, capacity 6714K, committed 6784K, reserved 1048576K
}
Event: 24.074 GC heap after
{Heap after GC invocations=24 (full 0):
 garbage-first heap   total 299008K, used 142336K [0x00000000c0000000, 0x0000000100000000)
  region size 1024K, 11 young (11264K), 11 survivors (11264K)
 Metaspace       used 56345K, capacity 58989K, committed 59184K, reserved 1101824K
  class space    used 5693K, capacity 6714K, committed 6784K, reserved 1048576K
}
Event: 25.130 GC heap before
{Heap before GC invocations=24 (full 0):
 garbage-first heap   total 299008K, used 237568K [0x00000000c0000000, 0x0000000100000000)
  region size 1024K, 104 young (106496K), 11 survivors (11264K)
 Metaspace       used 56345K, capacity 58989K, committed 59184K, reserved 1101824K
  class space    used 5693K, capacity 6714K, committed 6784K, reserved 1048576K
}
Event: 25.334 GC heap after
{Heap after GC invocations=25 (full 0):
 garbage-first heap   total 299008K, used 153063K [0x00000000c0000000, 0x0000000100000000)
  region size 1024K, 11 young (11264K), 11 survivors (11264K)
 Metaspace       used 56345K, capacity 58989K, committed 59184K, reserved 1101824K
  class space    used 5693K, capacity 6714K, committed 6784K, reserved 1048576K
}
Event: 26.444 GC heap before
{Heap before GC invocations=25 (full 0):
 garbage-first heap   total 299008K, used 242151K [0x00000000c0000000, 0x0000000100000000)
  region size 1024K, 98 young (100352K), 11 survivors (11264K)
 Metaspace       used 56345K, capacity 58989K, committed 59184K, reserved 1101824K
  class space    used 5693K, capacity 6714K, committed 6784K, reserved 1048576K
}
Event: 27.021 GC heap after
{Heap after GC invocations=26 (full 0):
 garbage-first heap   total 299008K, used 162667K [0x00000000c0000000, 0x0000000100000000)
  region size 1024K, 10 young (10240K), 10 survivors (10240K)
 Metaspace       used 56345K, capacity 58989K, committed 59184K, reserved 1101824K
  class space    used 5693K, capacity 6714K, committed 6784K, reserved 1048576K
}
Event: 30.621 GC heap before
{Heap before GC invocations=27 (full 0):
 garbage-first heap   total 299008K, used 239467K [0x00000000c0000000, 0x0000000100000000)
  region size 1024K, 86 young (88064K), 10 survivors (10240K)
 Metaspace       used 56372K, capacity 59053K, committed 59440K, reserved 1101824K
  class space    used 5694K, capacity 6714K, committed 6784K, reserved 1048576K
}

Deoptimization events (10 events):
Event: 22.791 Thread 0x00007f5cd82f8800 Uncommon trap: reason=unstable_if action=reinterpret pc=0x00007f5d44a51528 method=org.eclipse.jdt.internal.compiler.classfmt.MethodInfo.getArgumentNames()[[C @ 4 c2
Event: 22.976 Thread 0x00007f5cd82f8800 Uncommon trap: reason=unstable_if action=reinterpret pc=0x00007f5d44a686a8 method=org.eclipse.jdt.internal.core.search.matching.MethodDeclarationPattern.encodeExtraFlags(I)I @ 17 c2
Event: 22.976 Thread 0x00007f5cd82f8800 Uncommon trap: reason=unstable_if action=reinterpret pc=0x00007f5d44a5fe10 method=org.eclipse.jdt.internal.core.search.matching.MethodDeclarationPattern.encodeExtraFlags(I)I @ 17 c2
Event: 23.011 Thread 0x00007f5cd82f8800 Uncommon trap: reason=unstable_if action=reinterpret pc=0x00007f5d44a3b2fc method=org.eclipse.jdt.internal.compiler.classfmt.FieldInfo.createField([B[IIJ)Lorg/eclipse/jdt/internal/compiler/classfmt/FieldInfo; @ 167 c2
Event: 23.209 Thread 0x00007f5cd82f8800 Uncommon trap: reason=unstable_if action=reinterpret pc=0x00007f5d44a034f8 method=org.eclipse.jdt.internal.compiler.classfmt.ClassFileReader.<init>([B[CZ)V @ 1422 c2
Event: 24.778 Thread 0x00007f5cd82f8800 Uncommon trap: reason=unstable_if action=reinterpret pc=0x00007f5d44a74634 method=org.eclipse.jdt.internal.compiler.classfmt.MethodInfo.createMethod([B[IIJ)Lorg/eclipse/jdt/internal/compiler/classfmt/MethodInfo; @ 357 c2
Event: 25.772 Thread 0x00007f5cd82f8800 Uncommon trap: reason=unstable_if action=reinterpret pc=0x00007f5d44a5dbf4 method=org.eclipse.jdt.internal.core.search.indexing.BinaryIndexer.addTypeReference([C)V @ 5 c2
Event: 29.302 Thread 0x00007f5cd82f8800 Uncommon trap: reason=unstable_if action=reinterpret pc=0x00007f5d44aad864 method=org.eclipse.jdt.internal.core.index.DiskIndex.writeStreamChars(Ljava/io/FileOutputStream;[C)V @ 9 c2
Event: 29.780 Thread 0x00007f5cd82f8800 Uncommon trap: reason=unstable_if action=reinterpret pc=0x00007f5d449ea164 method=org.eclipse.jdt.internal.compiler.util.HashtableOfObject.putUnsafely([CLjava/lang/Object;)V @ 70 c2
Event: 29.969 Thread 0x00007f5cd82f8800 Uncommon trap: reason=unstable_if action=reinterpret pc=0x00007f5d449c8ee8 method=org.eclipse.jdt.internal.compiler.util.HashtableOfObject.putUnsafely([CLjava/lang/Object;)V @ 23 c2

Classes redefined (0 events):
No events

Internal exceptions (10 events):
Event: 21.135 Thread 0x0000000001ca6000 Exception <a 'sun/nio/fs/UnixException'{0x00000000ca50eb58}> (0x00000000ca50eb58) thrown at [/scratch/opt/mach5/mesos/work_dir/slaves/2dd962d0-8988-479b-a804-57ab764ada59-S1222/frameworks/1735e8a2-a1db-478c-8104-60c8b0af87dd-0196/executors/1fd16cd3-bd2f-4
Event: 21.153 Thread 0x0000000001ca6000 Exception <a 'sun/nio/fs/UnixException'{0x00000000ca513a78}> (0x00000000ca513a78) thrown at [/scratch/opt/mach5/mesos/work_dir/slaves/2dd962d0-8988-479b-a804-57ab764ada59-S1222/frameworks/1735e8a2-a1db-478c-8104-60c8b0af87dd-0196/executors/1fd16cd3-bd2f-4
Event: 21.155 Thread 0x0000000001ca6000 Exception <a 'sun/nio/fs/UnixException'{0x00000000ca516380}> (0x00000000ca516380) thrown at [/scratch/opt/mach5/mesos/work_dir/slaves/2dd962d0-8988-479b-a804-57ab764ada59-S1222/frameworks/1735e8a2-a1db-478c-8104-60c8b0af87dd-0196/executors/1fd16cd3-bd2f-4
Event: 21.170 Thread 0x0000000001ca6000 Exception <a 'java/lang/ArrayIndexOutOfBoundsException'{0x00000000ca304d40}> (0x00000000ca304d40) thrown at [/scratch/opt/mach5/mesos/work_dir/slaves/2dd962d0-8988-479b-a804-57ab764ada59-S1222/frameworks/1735e8a2-a1db-478c-8104-60c8b0af87dd-0196/executors
Event: 21.271 Thread 0x0000000001ca6000 Exception <a 'sun/nio/fs/UnixException'{0x00000000ca108238}> (0x00000000ca108238) thrown at [/scratch/opt/mach5/mesos/work_dir/slaves/2dd962d0-8988-479b-a804-57ab764ada59-S1222/frameworks/1735e8a2-a1db-478c-8104-60c8b0af87dd-0196/executors/1fd16cd3-bd2f-4
Event: 21.271 Thread 0x0000000001ca6000 Exception <a 'sun/nio/fs/UnixException'{0x00000000ca1091e0}> (0x00000000ca1091e0) thrown at [/scratch/opt/mach5/mesos/work_dir/slaves/2dd962d0-8988-479b-a804-57ab764ada59-S1222/frameworks/1735e8a2-a1db-478c-8104-60c8b0af87dd-0196/executors/1fd16cd3-bd2f-4
Event: 21.274 Thread 0x0000000001ca6000 Exception <a 'java/io/FileNotFoundException'{0x00000000ca10f6b0}> (0x00000000ca10f6b0) thrown at [/scratch/opt/mach5/mesos/work_dir/slaves/2dd962d0-8988-479b-a804-57ab764ada59-S1222/frameworks/1735e8a2-a1db-478c-8104-60c8b0af87dd-0196/executors/1fd16cd3-b
Event: 21.532 Thread 0x00007f5cc8001800 Exception <a 'java/lang/NoSuchMethodError'{0x00000000cdc82a98}: java.lang.invoke.DirectMethodHandle$Holder.invokeStatic(Ljava/lang/Object;Ljava/lang/Object;Ljava/lang/Object;J)Ljava/lang/Object;> (0x00000000cdc82a98) thrown at [/scratch/opt/mach5/mesos/wo
Event: 21.535 Thread 0x00007f5cc8001800 Exception <a 'java/lang/NoSuchMethodError'{0x00000000cdc89c50}: java.lang.invoke.DirectMethodHandle$Holder.invokeSpecial(Ljava/lang/Object;Ljava/lang/Object;Ljava/lang/Object;Ljava/lang/Object;J)Ljava/lang/Object;> (0x00000000cdc89c50) thrown at [/scratch
Event: 21.537 Thread 0x00007f5cc8001800 Exception <a 'java/lang/NoSuchMethodError'{0x00000000cdc8ce40}: java.lang.invoke.Invokers$Holder.linkToTargetMethod(Ljava/lang/Object;Ljava/lang/Object;JLjava/lang/Object;)Ljava/lang/Object;> (0x00000000cdc8ce40) thrown at [/scratch/opt/mach5/mesos/work_d

Events (10 events):
Event: 29.762 Thread 0x00007f5cd82f8800 Uncommon trap: trap_request=0xffffff4d fr.pc=0x00007f5d449ea164 relative=0x00000000000004a4
Event: 29.782 Thread 0x00007f5cd82f8800 DEOPT PACKING pc=0x00007f5d449ea164 sp=0x00007f5d1d1e94f0
Event: 29.764 Executing VM operation: CGC_Operation
Event: 29.790 Thread 0x00007f5cd82f8800 DEOPT UNPACKING pc=0x00007f5d3cc6a6a5 sp=0x00007f5d1d1e94b8 mode 2
Event: 29.799 Executing VM operation: CGC_Operation done
Event: 29.969 Thread 0x00007f5cd82f8800 Uncommon trap: trap_request=0xffffff4d fr.pc=0x00007f5d449c8ee8 relative=0x0000000000000368
Event: 29.986 Thread 0x00007f5cd82f8800 DEOPT PACKING pc=0x00007f5d449c8ee8 sp=0x00007f5d1d1e9450
Event: 29.986 Thread 0x00007f5cd82f8800 DEOPT UNPACKING pc=0x00007f5d3cc6a6a5 sp=0x00007f5d1d1e93c0 mode 2
Event: 30.389 Thread 0x00007f5d0cbfc800 Thread added: 0x00007f5d0cbfc800
Event: 30.564 Executing VM operation: G1CollectForAllocation


Dynamic libraries:
00400000-00401000 r-xp 00000000 08:06 934975                             /usr/lib/jvm/java-11-oracle/bin/java
00600000-00601000 r--p 00000000 08:06 934975                             /usr/lib/jvm/java-11-oracle/bin/java
00601000-00602000 rw-p 00001000 08:06 934975                             /usr/lib/jvm/java-11-oracle/bin/java
01c8f000-01e3a000 rw-p 00000000 00:00 0                                  [heap]
c0000000-d2400000 rw-p 00000000 00:00 0 
dcd00000-100000000 ---p 00000000 00:00 0 
100000000-1006a0000 rw-p 00000000 00:00 0 
1006a0000-140000000 ---p 00000000 00:00 0 
7f5cafc42000-7f5cb8000000 r--s 00000000 08:06 935254                     /usr/lib/jvm/java-11-oracle/lib/modules
7f5cb8000000-7f5cb80bb000 rw-p 00000000 00:00 0 
7f5cb80bb000-7f5cbc000000 ---p 00000000 00:00 0 
7f5cbd989000-7f5cbd98a000 ---p 00000000 00:00 0 
7f5cbd98a000-7f5cbdc0b000 rw-p 00000000 00:00 0 
7f5cbdc0b000-7f5cbdc8b000 ---p 00000000 00:00 0 
7f5cbdc8b000-7f5cbde8b000 rw-p 00000000 00:00 0 
7f5cbde8b000-7f5cbe08b000 rw-p 00000000 00:00 0 
7f5cbe08b000-7f5cbe28b000 rw-p 00000000 00:00 0 
7f5cbe28b000-7f5cbe28f000 ---p 00000000 00:00 0 
7f5cbe28f000-7f5cbe58c000 rw-p 00000000 00:00 0 
7f5cbe58c000-7f5cbe590000 ---p 00000000 00:00 0 
7f5cbe590000-7f5cbe88d000 rw-p 00000000 00:00 0 
7f5cbe88d000-7f5cbe8a4000 r-xp 00000000 08:06 267580                     /lib/x86_64-linux-gnu/libresolv-2.27.so
7f5cbe8a4000-7f5cbeaa4000 ---p 00017000 08:06 267580                     /lib/x86_64-linux-gnu/libresolv-2.27.so
7f5cbeaa4000-7f5cbeaa5000 r--p 00017000 08:06 267580                     /lib/x86_64-linux-gnu/libresolv-2.27.so
7f5cbeaa5000-7f5cbeaa6000 rw-p 00018000 08:06 267580                     /lib/x86_64-linux-gnu/libresolv-2.27.so
7f5cbeaa6000-7f5cbeaa8000 rw-p 00000000 00:00 0 
7f5cbeaa8000-7f5cbeaad000 r-xp 00000000 08:06 267529                     /lib/x86_64-linux-gnu/libnss_dns-2.27.so
7f5cbeaad000-7f5cbecad000 ---p 00005000 08:06 267529                     /lib/x86_64-linux-gnu/libnss_dns-2.27.so
7f5cbecad000-7f5cbecae000 r--p 00005000 08:06 267529                     /lib/x86_64-linux-gnu/libnss_dns-2.27.so
7f5cbecae000-7f5cbecaf000 rw-p 00006000 08:06 267529                     /lib/x86_64-linux-gnu/libnss_dns-2.27.so
7f5cbecaf000-7f5cbecb1000 r-xp 00000000 08:06 267537                     /lib/x86_64-linux-gnu/libnss_mdns4_minimal.so.2
7f5cbecb1000-7f5cbeeb0000 ---p 00002000 08:06 267537                     /lib/x86_64-linux-gnu/libnss_mdns4_minimal.so.2
7f5cbeeb0000-7f5cbeeb1000 r--p 00001000 08:06 267537                     /lib/x86_64-linux-gnu/libnss_mdns4_minimal.so.2
7f5cbeeb1000-7f5cbeeb2000 rw-p 00002000 08:06 267537                     /lib/x86_64-linux-gnu/libnss_mdns4_minimal.so.2
7f5cbeeb2000-7f5cbf0b2000 rw-p 00000000 00:00 0 
7f5cbf0b2000-7f5cbf0b4000 r-xp 00000000 08:06 935224                     /usr/lib/jvm/java-11-oracle/lib/libextnet.so
7f5cbf0b4000-7f5cbf2b3000 ---p 00002000 08:06 935224                     /usr/lib/jvm/java-11-oracle/lib/libextnet.so
7f5cbf2b3000-7f5cbf2b4000 r--p 00001000 08:06 935224                     /usr/lib/jvm/java-11-oracle/lib/libextnet.so
7f5cbf2b4000-7f5cbf2b5000 rw-p 00002000 08:06 935224                     /usr/lib/jvm/java-11-oracle/lib/libextnet.so
7f5cbf2b5000-7f5cbf4b5000 rw-p 00000000 00:00 0 
7f5cbf4b5000-7f5cbf6b5000 rw-p 00000000 00:00 0 
7f5cbf6b5000-7f5cbf6f5000 r-xp 00000000 08:06 935250                     /usr/lib/jvm/java-11-oracle/lib/libsunec.so
7f5cbf6f5000-7f5cbf8f4000 ---p 00040000 08:06 935250                     /usr/lib/jvm/java-11-oracle/lib/libsunec.so
7f5cbf8f4000-7f5cbf8f9000 r--p 0003f000 08:06 935250                     /usr/lib/jvm/java-11-oracle/lib/libsunec.so
7f5cbf8f9000-7f5cbf8fb000 rw-p 00044000 08:06 935250                     /usr/lib/jvm/java-11-oracle/lib/libsunec.so
7f5cbf8fb000-7f5cbf8ff000 ---p 00000000 00:00 0 
7f5cbf8ff000-7f5cbf9fc000 rw-p 00000000 00:00 0 
7f5cbf9fc000-7f5cbfa00000 ---p 00000000 00:00 0 
7f5cbfa00000-7f5cbfafd000 rw-p 00000000 00:00 0 
7f5cbfafd000-7f5cbfb01000 ---p 00000000 00:00 0 
7f5cbfb01000-7f5cbfdfe000 rw-p 00000000 00:00 0 
7f5cbfdfe000-7f5cbfe02000 ---p 00000000 00:00 0 
7f5cbfe02000-7f5cbfeff000 rw-p 00000000 00:00 0 
7f5cbfeff000-7f5cbff03000 ---p 00000000 00:00 0 
7f5cbff03000-7f5cc0000000 rw-p 00000000 00:00 0 
7f5cc0000000-7f5cc0027000 rw-p 00000000 00:00 0 
7f5cc0027000-7f5cc4000000 ---p 00000000 00:00 0 
7f5cc4000000-7f5cc410e000 rw-p 00000000 00:00 0 
7f5cc410e000-7f5cc8000000 ---p 00000000 00:00 0 
7f5cc8000000-7f5cc806e000 rw-p 00000000 00:00 0 
7f5cc806e000-7f5ccc000000 ---p 00000000 00:00 0 
7f5ccc000000-7f5ccdf68000 rw-p 00000000 00:00 0 
7f5ccdf68000-7f5cd0000000 ---p 00000000 00:00 0 
7f5cd0000000-7f5cd009c000 rw-p 00000000 00:00 0 
7f5cd009c000-7f5cd4000000 ---p 00000000 00:00 0 
7f5cd4000000-7f5cd409b000 rw-p 00000000 00:00 0 
7f5cd409b000-7f5cd8000000 ---p 00000000 00:00 0 
7f5cd8000000-7f5cd8a6f000 rw-p 00000000 00:00 0 
7f5cd8a6f000-7f5cdc000000 ---p 00000000 00:00 0 
7f5cdc000000-7f5cdc531000 rw-p 00000000 00:00 0 
7f5cdc531000-7f5ce0000000 ---p 00000000 00:00 0 
7f5ce0000000-7f5ce0021000 rw-p 00000000 00:00 0 
7f5ce0021000-7f5ce4000000 ---p 00000000 00:00 0 
7f5ce4000000-7f5ce4023000 rw-p 00000000 00:00 0 
7f5ce4023000-7f5ce8000000 ---p 00000000 00:00 0 
7f5ce8000000-7f5ce8911000 rw-p 00000000 00:00 0 
7f5ce8911000-7f5cec000000 ---p 00000000 00:00 0 
7f5cec000000-7f5cec02f000 rw-p 00000000 00:00 0 
7f5cec02f000-7f5cf0000000 ---p 00000000 00:00 0 
7f5cf0000000-7f5cf0021000 rw-p 00000000 00:00 0 
7f5cf0021000-7f5cf4000000 ---p 00000000 00:00 0 
7f5cf4000000-7f5cf4021000 rw-p 00000000 00:00 0 
7f5cf4021000-7f5cf8000000 ---p 00000000 00:00 0 
7f5cf8000000-7f5cf8021000 rw-p 00000000 00:00 0 
7f5cf8021000-7f5cfc000000 ---p 00000000 00:00 0 
7f5cfc000000-7f5cfc091000 rw-p 00000000 00:00 0 
7f5cfc091000-7f5d00000000 ---p 00000000 00:00 0 
7f5d00000000-7f5d009d9000 rw-p 00000000 00:00 0 
7f5d009d9000-7f5d04000000 ---p 00000000 00:00 0 
7f5d04000000-7f5d04021000 rw-p 00000000 00:00 0 
7f5d04021000-7f5d08000000 ---p 00000000 00:00 0 
7f5d08000000-7f5d08021000 rw-p 00000000 00:00 0 
7f5d08021000-7f5d0c000000 ---p 00000000 00:00 0 
7f5d0c000000-7f5d0deac000 rw-p 00000000 00:00 0 
7f5d0deac000-7f5d10000000 ---p 00000000 00:00 0 
7f5d10000000-7f5d10021000 rw-p 00000000 00:00 0 
7f5d10021000-7f5d14000000 ---p 00000000 00:00 0 
7f5d14000000-7f5d14021000 rw-p 00000000 00:00 0 
7f5d14021000-7f5d18000000 ---p 00000000 00:00 0 
7f5d18000000-7f5d18686000 rw-p 00000000 00:00 0 
7f5d18686000-7f5d1c000000 ---p 00000000 00:00 0 
7f5d1c0e4000-7f5d1c2e4000 rw-p 00000000 00:00 0 
7f5d1c2e4000-7f5d1c4e4000 rw-p 00000000 00:00 0 
7f5d1c4e4000-7f5d1c6e4000 rw-p 00000000 00:00 0 
7f5d1c6e4000-7f5d1c8e4000 rw-p 00000000 00:00 0 
7f5d1c8e4000-7f5d1cae4000 rw-p 00000000 00:00 0 
7f5d1cae4000-7f5d1cce4000 rw-p 00000000 00:00 0 
7f5d1cce4000-7f5d1cce5000 ---p 00000000 00:00 0 
7f5d1cce5000-7f5d1cde6000 rw-p 00000000 00:00 0 
7f5d1cde6000-7f5d1cde7000 ---p 00000000 00:00 0 
7f5d1cde7000-7f5d1cee8000 rw-p 00000000 00:00 0 
7f5d1cee8000-7f5d1ceec000 ---p 00000000 00:00 0 
7f5d1ceec000-7f5d1cfe9000 rw-p 00000000 00:00 0 
7f5d1cfe9000-7f5d1cfed000 ---p 00000000 00:00 0 
7f5d1cfed000-7f5d1d0ea000 rw-p 00000000 00:00 0 
7f5d1d0ea000-7f5d1d0ee000 ---p 00000000 00:00 0 
7f5d1d0ee000-7f5d1d3d7000 rw-p 00000000 00:00 0 
7f5d1d3d7000-7f5d1d3eb000 ---p 00000000 00:00 0 
7f5d1d3eb000-7f5d1d5eb000 rw-p 00000000 00:00 0 
7f5d1d5eb000-7f5d1d5ef000 ---p 00000000 00:00 0 
7f5d1d5ef000-7f5d1d6ec000 rw-p 00000000 00:00 0 
7f5d1d6ec000-7f5d1d6f0000 ---p 00000000 00:00 0 
7f5d1d6f0000-7f5d1d9ed000 rw-p 00000000 00:00 0 
7f5d1d9ed000-7f5d1dbed000 rw-p 00000000 00:00 0 
7f5d1dbed000-7f5d1dbfd000 r-xp 00000000 08:06 131835                     /home/vineetubuntu/.vscode/extensions/redhat.java-0.46.0/server/config_linux/org.eclipse.equinox.launcher/org.eclipse.equinox.launcher.gtk.linux.x86_64_1.1.1000.v20190125-2016/eclipse_1801.so
7f5d1dbfd000-7f5d1ddfc000 ---p 00010000 08:06 131835                     /home/vineetubuntu/.vscode/extensions/redhat.java-0.46.0/server/config_linux/org.eclipse.equinox.launcher/org.eclipse.equinox.launcher.gtk.linux.x86_64_1.1.1000.v20190125-2016/eclipse_1801.so
7f5d1ddfc000-7f5d1ddfd000 r--p 0000f000 08:06 131835                     /home/vineetubuntu/.vscode/extensions/redhat.java-0.46.0/server/config_linux/org.eclipse.equinox.launcher/org.eclipse.equinox.launcher.gtk.linux.x86_64_1.1.1000.v20190125-2016/eclipse_1801.so
7f5d1ddfd000-7f5d1ddfe000 rw-p 00010000 08:06 131835                     /home/vineetubuntu/.vscode/extensions/redhat.java-0.46.0/server/config_linux/org.eclipse.equinox.launcher/org.eclipse.equinox.launcher.gtk.linux.x86_64_1.1.1000.v20190125-2016/eclipse_1801.so
7f5d1ddfe000-7f5d1de02000 ---p 00000000 00:00 0 
7f5d1de02000-7f5d1deff000 rw-p 00000000 00:00 0 
7f5d1deff000-7f5d1df03000 ---p 00000000 00:00 0 
7f5d1df03000-7f5d1e000000 rw-p 00000000 00:00 0 
7f5d1e000000-7f5d1e004000 ---p 00000000 00:00 0 
7f5d1e004000-7f5d1e301000 rw-p 00000000 00:00 0 
7f5d1e301000-7f5d1e302000 ---p 00000000 00:00 0 
7f5d1e302000-7f5d1e603000 rw-p 00000000 00:00 0 
7f5d1e603000-7f5d1e619000 r-xp 00000000 08:06 935243                     /usr/lib/jvm/java-11-oracle/lib/libnet.so
7f5d1e619000-7f5d1e819000 ---p 00016000 08:06 935243                     /usr/lib/jvm/java-11-oracle/lib/libnet.so
7f5d1e819000-7f5d1e81a000 r--p 00016000 08:06 935243                     /usr/lib/jvm/java-11-oracle/lib/libnet.so
7f5d1e81a000-7f5d1e81b000 rw-p 00017000 08:06 935243                     /usr/lib/jvm/java-11-oracle/lib/libnet.so
7f5d1e81b000-7f5d1e82b000 r-xp 00000000 08:06 935244                     /usr/lib/jvm/java-11-oracle/lib/libnio.so
7f5d1e82b000-7f5d1ea2a000 ---p 00010000 08:06 935244                     /usr/lib/jvm/java-11-oracle/lib/libnio.so
7f5d1ea2a000-7f5d1ea2b000 r--p 0000f000 08:06 935244                     /usr/lib/jvm/java-11-oracle/lib/libnio.so
7f5d1ea2b000-7f5d1ea2c000 rw-p 00010000 08:06 935244                     /usr/lib/jvm/java-11-oracle/lib/libnio.so
7f5d1ea2c000-7f5d1ea2d000 ---p 00000000 00:00 0 
7f5d1ea2d000-7f5d1eb2e000 rw-p 00000000 00:00 0 
7f5d1eb2e000-7f5d1eb32000 ---p 00000000 00:00 0 
7f5d1eb32000-7f5d1ec2f000 rw-p 00000000 00:00 0 
7f5d1ec2f000-7f5d1ec33000 ---p 00000000 00:00 0 
7f5d1ec33000-7f5d1ed30000 rw-p 00000000 00:00 0 
7f5d1ed30000-7f5d1ed34000 ---p 00000000 00:00 0 
7f5d1ed34000-7f5d1ee31000 rw-p 00000000 00:00 0 
7f5d1ee31000-7f5d1f800000 r--p 00000000 08:06 924358                     /usr/lib/locale/locale-archive
7f5d1f800000-7f5d20000000 rw-p 00000000 00:00 0 
7f5d20000000-7f5d20021000 rw-p 00000000 00:00 0 
7f5d20021000-7f5d24000000 ---p 00000000 00:00 0 
7f5d24000000-7f5d24329000 rw-p 00000000 00:00 0 
7f5d24329000-7f5d28000000 ---p 00000000 00:00 0 
7f5d28000000-7f5d2820a000 rw-p 00000000 00:00 0 
7f5d2820a000-7f5d2c000000 ---p 00000000 00:00 0 
7f5d2c000000-7f5d2c04b000 rw-p 00000000 00:00 0 
7f5d2c04b000-7f5d30000000 ---p 00000000 00:00 0 
7f5d30000000-7f5d30021000 rw-p 00000000 00:00 0 
7f5d30021000-7f5d34000000 ---p 00000000 00:00 0 
7f5d34000000-7f5d36490000 rw-p 00000000 00:00 0 
7f5d36490000-7f5d37000000 ---p 00000000 00:00 0 
7f5d37000000-7f5d37490000 rw-p 00000000 00:00 0 
7f5d37490000-7f5d38000000 ---p 00000000 00:00 0 
7f5d38000000-7f5d38037000 rw-p 00000000 00:00 0 
7f5d38037000-7f5d3c000000 ---p 00000000 00:00 0 
7f5d3c032000-7f5d3c036000 ---p 00000000 00:00 0 
7f5d3c036000-7f5d3c133000 rw-p 00000000 00:00 0 
7f5d3c133000-7f5d3c137000 ---p 00000000 00:00 0 
7f5d3c137000-7f5d3c234000 rw-p 00000000 00:00 0 
7f5d3c234000-7f5d3c238000 ---p 00000000 00:00 0 
7f5d3c238000-7f5d3c335000 rw-p 00000000 00:00 0 
7f5d3c335000-7f5d3c339000 ---p 00000000 00:00 0 
7f5d3c339000-7f5d3c436000 rw-p 00000000 00:00 0 
7f5d3c436000-7f5d3c43a000 ---p 00000000 00:00 0 
7f5d3c43a000-7f5d3c537000 rw-p 00000000 00:00 0 
7f5d3c537000-7f5d3c53b000 ---p 00000000 00:00 0 
7f5d3c53b000-7f5d3c638000 rw-p 00000000 00:00 0 
7f5d3c638000-7f5d3c639000 ---p 00000000 00:00 0 
7f5d3c639000-7f5d3c73a000 rw-p 00000000 00:00 0 
7f5d3c73a000-7f5d3c73b000 ---p 00000000 00:00 0 
7f5d3c73b000-7f5d3c83c000 rw-p 00000000 00:00 0 
7f5d3c83c000-7f5d3c83d000 ---p 00000000 00:00 0 
7f5d3c83d000-7f5d3c93e000 rw-p 00000000 00:00 0 
7f5d3c93e000-7f5d3c93f000 ---p 00000000 00:00 0 
7f5d3c93f000-7f5d3cc42000 rw-p 00000000 00:00 0 
7f5d3cc42000-7f5d3ceb2000 rwxp 00000000 00:00 0 
7f5d3ceb2000-7f5d3d1d2000 ---p 00000000 00:00 0 
7f5d3d1d2000-7f5d3df02000 rwxp 00000000 00:00 0 
7f5d3df02000-7f5d4470a000 ---p 00000000 00:00 0 
7f5d4470a000-7f5d44aba000 rwxp 00000000 00:00 0 
7f5d44aba000-7f5d4bc42000 ---p 00000000 00:00 0 
7f5d4bc42000-7f5d54000000 r--s 00000000 08:06 935254                     /usr/lib/jvm/java-11-oracle/lib/modules
7f5d54000000-7f5d545cc000 rw-p 00000000 00:00 0 
7f5d545cc000-7f5d58000000 ---p 00000000 00:00 0 
7f5d58017000-7f5d5829a000 rw-p 00000000 00:00 0 
7f5d5829a000-7f5d5829b000 ---p 00000000 00:00 0 
7f5d5829b000-7f5d5839c000 rw-p 00000000 00:00 0 
7f5d5839c000-7f5d5839d000 ---p 00000000 00:00 0 
7f5d5839d000-7f5d58530000 rw-p 00000000 00:00 0 
7f5d58530000-7f5d5869e000 ---p 00000000 00:00 0 
7f5d5869e000-7f5d58730000 rw-p 00000000 00:00 0 
7f5d58730000-7f5d5889e000 ---p 00000000 00:00 0 
7f5d5889e000-7f5d58930000 rw-p 00000000 00:00 0 
7f5d58930000-7f5d58a9e000 ---p 00000000 00:00 0 
7f5d58a9e000-7f5d58ea2000 rw-p 00000000 00:00 0 
7f5d58ea2000-7f5d58ea3000 ---p 00000000 00:00 0 
7f5d58ea3000-7f5d58fac000 rw-p 00000000 00:00 0 
7f5d58fac000-7f5d5908f000 ---p 00000000 00:00 0 
7f5d5908f000-7f5d590aa000 rw-p 00000000 00:00 0 
7f5d590aa000-7f5d5917a000 ---p 00000000 00:00 0 
7f5d5917a000-7f5d59195000 r-xp 00000000 08:06 935235                     /usr/lib/jvm/java-11-oracle/lib/libjimage.so
7f5d59195000-7f5d59394000 ---p 0001b000 08:06 935235                     /usr/lib/jvm/java-11-oracle/lib/libjimage.so
7f5d59394000-7f5d59396000 r--p 0001a000 08:06 935235                     /usr/lib/jvm/java-11-oracle/lib/libjimage.so
7f5d59396000-7f5d59397000 rw-p 0001c000 08:06 935235                     /usr/lib/jvm/java-11-oracle/lib/libjimage.so
7f5d59397000-7f5d5939e000 r-xp 00000000 08:06 935253                     /usr/lib/jvm/java-11-oracle/lib/libzip.so
7f5d5939e000-7f5d5959d000 ---p 00007000 08:06 935253                     /usr/lib/jvm/java-11-oracle/lib/libzip.so
7f5d5959d000-7f5d5959e000 r--p 00006000 08:06 935253                     /usr/lib/jvm/java-11-oracle/lib/libzip.so
7f5d5959e000-7f5d5959f000 rw-p 00007000 08:06 935253                     /usr/lib/jvm/java-11-oracle/lib/libzip.so
7f5d5959f000-7f5d595aa000 r-xp 00000000 08:06 267531                     /lib/x86_64-linux-gnu/libnss_files-2.27.so
7f5d595aa000-7f5d597a9000 ---p 0000b000 08:06 267531                     /lib/x86_64-linux-gnu/libnss_files-2.27.so
7f5d597a9000-7f5d597aa000 r--p 0000a000 08:06 267531                     /lib/x86_64-linux-gnu/libnss_files-2.27.so
7f5d597aa000-7f5d597ab000 rw-p 0000b000 08:06 267531                     /lib/x86_64-linux-gnu/libnss_files-2.27.so
7f5d597ab000-7f5d597b1000 rw-p 00000000 00:00 0 
7f5d597b1000-7f5d597c8000 r-xp 00000000 08:06 267525                     /lib/x86_64-linux-gnu/libnsl-2.27.so
7f5d597c8000-7f5d599c7000 ---p 00017000 08:06 267525                     /lib/x86_64-linux-gnu/libnsl-2.27.so
7f5d599c7000-7f5d599c8000 r--p 00016000 08:06 267525                     /lib/x86_64-linux-gnu/libnsl-2.27.so
7f5d599c8000-7f5d599c9000 rw-p 00017000 08:06 267525                     /lib/x86_64-linux-gnu/libnsl-2.27.so
7f5d599c9000-7f5d599cb000 rw-p 00000000 00:00 0 
7f5d599cb000-7f5d599d6000 r-xp 00000000 08:06 267542                     /lib/x86_64-linux-gnu/libnss_nis-2.27.so
7f5d599d6000-7f5d59bd5000 ---p 0000b000 08:06 267542                     /lib/x86_64-linux-gnu/libnss_nis-2.27.so
7f5d59bd5000-7f5d59bd6000 r--p 0000a000 08:06 267542                     /lib/x86_64-linux-gnu/libnss_nis-2.27.so
7f5d59bd6000-7f5d59bd7000 rw-p 0000b000 08:06 267542                     /lib/x86_64-linux-gnu/libnss_nis-2.27.so
7f5d59bd7000-7f5d59bdf000 r-xp 00000000 08:06 267527                     /lib/x86_64-linux-gnu/libnss_compat-2.27.so
7f5d59bdf000-7f5d59ddf000 ---p 00008000 08:06 267527                     /lib/x86_64-linux-gnu/libnss_compat-2.27.so
7f5d59ddf000-7f5d59de0000 r--p 00008000 08:06 267527                     /lib/x86_64-linux-gnu/libnss_compat-2.27.so
7f5d59de0000-7f5d59de1000 rw-p 00009000 08:06 267527                     /lib/x86_64-linux-gnu/libnss_compat-2.27.so
7f5d59de1000-7f5d59e0a000 r-xp 00000000 08:06 935231                     /usr/lib/jvm/java-11-oracle/lib/libjava.so
7f5d59e0a000-7f5d5a00a000 ---p 00029000 08:06 935231                     /usr/lib/jvm/java-11-oracle/lib/libjava.so
7f5d5a00a000-7f5d5a00b000 r--p 00029000 08:06 935231                     /usr/lib/jvm/java-11-oracle/lib/libjava.so
7f5d5a00b000-7f5d5a00d000 rw-p 0002a000 08:06 935231                     /usr/lib/jvm/java-11-oracle/lib/libjava.so
7f5d5a00d000-7f5d5a01a000 r-xp 00000000 08:06 935252                     /usr/lib/jvm/java-11-oracle/lib/libverify.so
7f5d5a01a000-7f5d5a219000 ---p 0000d000 08:06 935252                     /usr/lib/jvm/java-11-oracle/lib/libverify.so
7f5d5a219000-7f5d5a21b000 r--p 0000c000 08:06 935252                     /usr/lib/jvm/java-11-oracle/lib/libverify.so
7f5d5a21b000-7f5d5a21c000 rw-p 0000e000 08:06 935252                     /usr/lib/jvm/java-11-oracle/lib/libverify.so
7f5d5a21c000-7f5d5a223000 r-xp 00000000 08:06 267582                     /lib/x86_64-linux-gnu/librt-2.27.so
7f5d5a223000-7f5d5a422000 ---p 00007000 08:06 267582                     /lib/x86_64-linux-gnu/librt-2.27.so
7f5d5a422000-7f5d5a423000 r--p 00006000 08:06 267582                     /lib/x86_64-linux-gnu/librt-2.27.so
7f5d5a423000-7f5d5a424000 rw-p 00007000 08:06 267582                     /lib/x86_64-linux-gnu/librt-2.27.so
7f5d5a424000-7f5d5a5c1000 r-xp 00000000 08:06 267504                     /lib/x86_64-linux-gnu/libm-2.27.so
7f5d5a5c1000-7f5d5a7c0000 ---p 0019d000 08:06 267504                     /lib/x86_64-linux-gnu/libm-2.27.so
7f5d5a7c0000-7f5d5a7c1000 r--p 0019c000 08:06 267504                     /lib/x86_64-linux-gnu/libm-2.27.so
7f5d5a7c1000-7f5d5a7c2000 rw-p 0019d000 08:06 267504                     /lib/x86_64-linux-gnu/libm-2.27.so
7f5d5a7c2000-7f5d5b901000 r-xp 00000000 08:06 1063440                    /usr/lib/jvm/java-11-oracle/lib/server/libjvm.so
7f5d5b901000-7f5d5bb01000 ---p 0113f000 08:06 1063440                    /usr/lib/jvm/java-11-oracle/lib/server/libjvm.so
7f5d5bb01000-7f5d5bbc0000 r--p 0113f000 08:06 1063440                    /usr/lib/jvm/java-11-oracle/lib/server/libjvm.so
7f5d5bbc0000-7f5d5bbf9000 rw-p 011fe000 08:06 1063440                    /usr/lib/jvm/java-11-oracle/lib/server/libjvm.so
7f5d5bbf9000-7f5d5bc4f000 rw-p 00000000 00:00 0 
7f5d5bc4f000-7f5d5be36000 r-xp 00000000 08:06 267441                     /lib/x86_64-linux-gnu/libc-2.27.so
7f5d5be36000-7f5d5c036000 ---p 001e7000 08:06 267441                     /lib/x86_64-linux-gnu/libc-2.27.so
7f5d5c036000-7f5d5c03a000 r--p 001e7000 08:06 267441                     /lib/x86_64-linux-gnu/libc-2.27.so
7f5d5c03a000-7f5d5c03c000 rw-p 001eb000 08:06 267441                     /lib/x86_64-linux-gnu/libc-2.27.so
7f5d5c03c000-7f5d5c040000 rw-p 00000000 00:00 0 
7f5d5c040000-7f5d5c043000 r-xp 00000000 08:06 267464                     /lib/x86_64-linux-gnu/libdl-2.27.so
7f5d5c043000-7f5d5c242000 ---p 00003000 08:06 267464                     /lib/x86_64-linux-gnu/libdl-2.27.so
7f5d5c242000-7f5d5c243000 r--p 00002000 08:06 267464                     /lib/x86_64-linux-gnu/libdl-2.27.so
7f5d5c243000-7f5d5c244000 rw-p 00003000 08:06 267464                     /lib/x86_64-linux-gnu/libdl-2.27.so
7f5d5c244000-7f5d5c254000 r-xp 00000000 08:06 1063431                    /usr/lib/jvm/java-11-oracle/lib/jli/libjli.so
7f5d5c254000-7f5d5c453000 ---p 00010000 08:06 1063431                    /usr/lib/jvm/java-11-oracle/lib/jli/libjli.so
7f5d5c453000-7f5d5c454000 r--p 0000f000 08:06 1063431                    /usr/lib/jvm/java-11-oracle/lib/jli/libjli.so
7f5d5c454000-7f5d5c455000 rw-p 00010000 08:06 1063431                    /usr/lib/jvm/java-11-oracle/lib/jli/libjli.so
7f5d5c455000-7f5d5c46f000 r-xp 00000000 08:06 267574                     /lib/x86_64-linux-gnu/libpthread-2.27.so
7f5d5c46f000-7f5d5c66e000 ---p 0001a000 08:06 267574                     /lib/x86_64-linux-gnu/libpthread-2.27.so
7f5d5c66e000-7f5d5c66f000 r--p 00019000 08:06 267574                     /lib/x86_64-linux-gnu/libpthread-2.27.so
7f5d5c66f000-7f5d5c670000 rw-p 0001a000 08:06 267574                     /lib/x86_64-linux-gnu/libpthread-2.27.so
7f5d5c670000-7f5d5c674000 rw-p 00000000 00:00 0 
7f5d5c674000-7f5d5c690000 r-xp 00000000 08:06 267613                     /lib/x86_64-linux-gnu/libz.so.1.2.11
7f5d5c690000-7f5d5c88f000 ---p 0001c000 08:06 267613                     /lib/x86_64-linux-gnu/libz.so.1.2.11
7f5d5c88f000-7f5d5c890000 r--p 0001b000 08:06 267613                     /lib/x86_64-linux-gnu/libz.so.1.2.11
7f5d5c890000-7f5d5c891000 rw-p 0001c000 08:06 267613                     /lib/x86_64-linux-gnu/libz.so.1.2.11
7f5d5c891000-7f5d5c8b8000 r-xp 00000000 08:06 267413                     /lib/x86_64-linux-gnu/ld-2.27.so
7f5d5c8f3000-7f5d5c8f7000 ---p 00000000 00:00 0 
7f5d5c8f7000-7f5d5c998000 rw-p 00000000 00:00 0 
7f5d5c998000-7f5d5c99f000 ---p 00000000 00:00 0 
7f5d5c99f000-7f5d5c9a3000 ---p 00000000 00:00 0 
7f5d5c9a3000-7f5d5caa4000 rw-p 00000000 00:00 0 
7f5d5caae000-7f5d5cab6000 rw-s 00000000 08:06 395288                     /tmp/hsperfdata_vineetubuntu/7903
7f5d5cab6000-7f5d5cab7000 ---p 00000000 00:00 0 
7f5d5cab7000-7f5d5cab8000 r--p 00000000 00:00 0 
7f5d5cab8000-7f5d5cab9000 r--p 00027000 08:06 267413                     /lib/x86_64-linux-gnu/ld-2.27.so
7f5d5cab9000-7f5d5caba000 rw-p 00028000 08:06 267413                     /lib/x86_64-linux-gnu/ld-2.27.so
7f5d5caba000-7f5d5cabb000 rw-p 00000000 00:00 0 
7fff25080000-7fff250a2000 rw-p 00000000 00:00 0                          [stack]
7fff25142000-7fff25145000 r--p 00000000 00:00 0                          [vvar]
7fff25145000-7fff25147000 r-xp 00000000 00:00 0                          [vdso]
ffffffffff600000-ffffffffff601000 r-xp 00000000 00:00 0                  [vsyscall]


VM Arguments:
jvm_args: --add-modules=ALL-SYSTEM --add-opens=java.base/java.util=ALL-UNNAMED --add-opens=java.base/java.lang=ALL-UNNAMED -Declipse.application=org.eclipse.jdt.ls.core.id1 -Dosgi.bundles.defaultStartLevel=4 -Declipse.product=org.eclipse.jdt.ls.core.product -Dfile.encoding=utf8 -Xverify:none -Xmx1G -XX:+UseG1GC -XX:+UseStringDeduplication 
java_command: /home/vineetubuntu/.vscode/extensions/redhat.java-0.46.0/server/plugins/org.eclipse.equinox.launcher_1.5.400.v20190515-0925.jar -configuration /home/vineetubuntu/.vscode/extensions/redhat.java-0.46.0/server/config_linux -data /home/vineetubuntu/.config/Code/User/workspaceStorage/bd35c38796831ba23a715e5f139f6947/redhat.java/jdt_ws
java_class_path (initial): /home/vineetubuntu/.vscode/extensions/redhat.java-0.46.0/server/plugins/org.eclipse.equinox.launcher_1.5.400.v20190515-0925.jar
Launcher Type: SUN_STANDARD

[Global flags]
     bool BytecodeVerificationLocal                = false                                     {product} {command line}
     bool BytecodeVerificationRemote               = false                                     {product} {command line}
     intx CICompilerCount                          = 3                                         {product} {ergonomic}
     uint ConcGCThreads                            = 1                                         {product} {ergonomic}
     uint G1ConcRefinementThreads                  = 4                                         {product} {ergonomic}
   size_t G1HeapRegionSize                         = 1048576                                   {product} {ergonomic}
    uintx GCDrainStackTargetSize                   = 64                                        {product} {ergonomic}
   size_t InitialHeapSize                          = 130023424                                 {product} {ergonomic}
   size_t MarkStackSize                            = 4194304                                   {product} {ergonomic}
   size_t MaxHeapSize                              = 1073741824                                {product} {command line}
   size_t MaxNewSize                               = 643825664                                 {product} {ergonomic}
   size_t MinHeapDeltaBytes                        = 1048576                                   {product} {ergonomic}
    uintx NonNMethodCodeHeapSize                   = 5830092                                {pd product} {ergonomic}
    uintx NonProfiledCodeHeapSize                  = 122914074                              {pd product} {ergonomic}
    uintx ProfiledCodeHeapSize                     = 122914074                              {pd product} {ergonomic}
    uintx ReservedCodeCacheSize                    = 251658240                              {pd product} {ergonomic}
     bool SegmentedCodeCache                       = true                                      {product} {ergonomic}
     bool UseCompressedClassPointers               = true                                 {lp64_product} {ergonomic}
     bool UseCompressedOops                        = true                                 {lp64_product} {ergonomic}
     bool UseG1GC                                  = true                                      {product} {command line}
     bool UseStringDeduplication                   = true                                      {product} {command line}

Logging:
Log output configuration:
 #0: stdout all=warning uptime,level,tags
 #1: stderr all=off uptime,level,tags

Environment Variables:
JAVA_HOME=/usr/lib/jvm/java-11-oracle
PATH=/usr/local/sbin:/usr/local/bin:/usr/sbin:/usr/bin:/sbin:/bin:/usr/games:/usr/local/games:/snap/bin:/usr/lib/jvm/java-11-oracle/bin:/usr/lib/jvm/java-11-oracle/db/bin
USERNAME=vineetubuntu
SHELL=/bin/bash
DISPLAY=:0

Signal Handlers:
SIGSEGV: [libjvm.so+0xe2adf0], sa_mask[0]=11111111011111111101111111111110, sa_flags=SA_RESTART|SA_SIGINFO
SIGBUS: [libjvm.so+0xe2adf0], sa_mask[0]=11111111011111111101111111111110, sa_flags=SA_RESTART|SA_SIGINFO
SIGFPE: [libjvm.so+0xe2adf0], sa_mask[0]=11111111011111111101111111111110, sa_flags=SA_RESTART|SA_SIGINFO
SIGPIPE: [libjvm.so+0xbff5b0], sa_mask[0]=11111111011111111101111111111110, sa_flags=SA_RESTART|SA_SIGINFO
SIGXFSZ: [libjvm.so+0xbff5b0], sa_mask[0]=11111111011111111101111111111110, sa_flags=SA_RESTART|SA_SIGINFO
SIGILL: [libjvm.so+0xe2adf0], sa_mask[0]=11111111011111111101111111111110, sa_flags=SA_RESTART|SA_SIGINFO
SIGUSR2: [libjvm.so+0xbff450], sa_mask[0]=00000000000000000000000000000000, sa_flags=SA_RESTART|SA_SIGINFO
SIGHUP: [libjvm.so+0xbff7b0], sa_mask[0]=11111111011111111101111111111110, sa_flags=SA_RESTART|SA_SIGINFO
SIGINT: [libjvm.so+0xbff7b0], sa_mask[0]=11111111011111111101111111111110, sa_flags=SA_RESTART|SA_SIGINFO
SIGTERM: [libjvm.so+0xbff7b0], sa_mask[0]=11111111011111111101111111111110, sa_flags=SA_RESTART|SA_SIGINFO
SIGQUIT: [libjvm.so+0xbff7b0], sa_mask[0]=11111111011111111101111111111110, sa_flags=SA_RESTART|SA_SIGINFO


---------------  S Y S T E M  ---------------

OS:DISTRIB_ID=Ubuntu
DISTRIB_RELEASE=18.04
DISTRIB_CODENAME=bionic
DISTRIB_DESCRIPTION="Ubuntu 18.04.2 LTS"
uname:Linux 4.15.0-54-generic #58-Ubuntu SMP Mon Jun 24 10:55:24 UTC 2019 x86_64
libc:glibc 2.27 NPTL 2.27 
rlimit: STACK 8192k, CORE 0k, NPROC 30931, NOFILE 4096, AS infinity, DATA infinity, FSIZE infinity
load average:10.63 3.19 1.57

/proc/meminfo:
MemTotal:        8044176 kB
MemFree:          106892 kB
MemAvailable:      26004 kB
Buffers:            3008 kB
Cached:           506096 kB
SwapCached:         7800 kB
Active:          6636584 kB
Inactive:         860708 kB
Active(anon):    6618004 kB
Inactive(anon):   827328 kB
Active(file):      18580 kB
Inactive(file):    33380 kB
Unevictable:          64 kB
Mlocked:              64 kB
SwapTotal:       2097148 kB
SwapFree:            336 kB
Dirty:               204 kB
Writeback:             0 kB
AnonPages:       6981420 kB
Mapped:           430616 kB
Shmem:            456436 kB
Slab:             147184 kB
SReclaimable:      57772 kB
SUnreclaim:        89412 kB
KernelStack:       24432 kB
PageTables:       144832 kB
NFS_Unstable:          0 kB
Bounce:                0 kB
WritebackTmp:          0 kB
CommitLimit:     6119236 kB
Committed_AS:   23297824 kB
VmallocTotal:   34359738367 kB
VmallocUsed:           0 kB
VmallocChunk:          0 kB
HardwareCorrupted:     0 kB
AnonHugePages:         0 kB
ShmemHugePages:        0 kB
ShmemPmdMapped:        0 kB
CmaTotal:              0 kB
CmaFree:               0 kB
HugePages_Total:       0
HugePages_Free:        0
HugePages_Rsvd:        0
HugePages_Surp:        0
Hugepagesize:       2048 kB
DirectMap4k:      724616 kB
DirectMap2M:     7540736 kB
DirectMap1G:           0 kB


/proc/sys/kernel/threads-max (system-wide limit on the number of threads):
61863


/proc/sys/vm/max_map_count (maximum number of memory map areas a process may have):
65530


/proc/sys/kernel/pid_max (system-wide limit on number of process identifiers):
32768



container (cgroup) information:
container_type: cgroupv1
cpu_cpuset_cpus: 0-3
cpu_memory_nodes: 0
active_processor_count: 4
cpu_quota: -1
cpu_period: 100000
cpu_shares: -1
memory_limit_in_bytes: -1
memory_and_swap_limit_in_bytes: -2
memory_soft_limit_in_bytes: -1
memory_usage_in_bytes: 7678873600
memory_max_usage_in_bytes: 7462912


CPU:total 4 (initial active 4) (2 cores per cpu, 2 threads per core) family 6 model 61 stepping 4, cmov, cx8, fxsr, mmx, sse, sse2, sse3, ssse3, sse4.1, sse4.2, popcnt, avx, avx2, aes, clmul, erms, rtm, 3dnowpref, lzcnt, ht, tsc, tscinvbit, bmi1, bmi2, adx, fma
CPU Model and flags from /proc/cpuinfo:
model name	: Intel(R) Core(TM) i5-5300U CPU @ 2.30GHz
flags		: fpu vme de pse tsc msr pae mce cx8 apic sep mtrr pge mca cmov pat pse36 clflush dts acpi mmx fxsr sse sse2 ss ht tm pbe syscall nx pdpe1gb rdtscp lm constant_tsc arch_perfmon pebs bts rep_good nopl xtopology nonstop_tsc cpuid aperfmperf pni pclmulqdq dtes64 monitor ds_cpl vmx smx est tm2 ssse3 sdbg fma cx16 xtpr pdcm pcid sse4_1 sse4_2 x2apic movbe popcnt tsc_deadline_timer aes xsave avx f16c rdrand lahf_lm abm 3dnowprefetch cpuid_fault epb invpcid_single pti ssbd ibrs ibpb stibp tpr_shadow vnmi flexpriority ept vpid fsgsbase tsc_adjust bmi1 hle avx2 smep bmi2 erms invpcid rtm rdseed adx smap intel_pt xsaveopt dtherm ida arat pln pts md_clear flush_l1d

Memory: 4k page, physical 8044176k(105924k free), swap 2097148k(348k free)

vm_info: Java HotSpot(TM) 64-Bit Server VM (11.0.2+9-LTS) for linux-amd64 JRE (11.0.2+9-LTS), built on Jan 17 2019 21:22:50 by "mach5one" with gcc 7.3.0

END.
